<?xml version="1.0" encoding="UTF-8"?>
<coverage generated="1779182848812" clover="3.2.0">
  <project timestamp="1779182848812" name="All files">
    <metrics statements="264" coveredstatements="264" conditionals="180" coveredconditionals="179" methods="39" coveredmethods="39" elements="483" coveredelements="482" complexity="0" loc="264" ncloc="264" packages="1" files="2" classes="2"/>
    <file name="plans.js" path="/Users/vanesszatar/Desktop/uni/an 2 sem 2/SDI/fitnova/server/routes/plans.js">
      <metrics statements="135" coveredstatements="135" conditionals="80" coveredconditionals="80" methods="27" coveredmethods="27"/>
      <line num="1" count="3" type="stmt"/>
      <line num="2" count="3" type="stmt"/>
      <line num="3" count="3" type="stmt"/>
      <line num="4" count="3" type="stmt"/>
      <line num="5" count="3" type="stmt"/>
      <line num="6" count="3" type="stmt"/>
      <line num="8" count="3" type="stmt"/>
      <line num="37" count="20" type="stmt"/>
      <line num="38" count="20" type="cond" truecount="4" falsecount="0"/>
      <line num="39" count="2" type="stmt"/>
      <line num="40" count="20" type="cond" truecount="4" falsecount="0"/>
      <line num="41" count="2" type="stmt"/>
      <line num="42" count="20" type="cond" truecount="2" falsecount="0"/>
      <line num="43" count="14" type="cond" truecount="2" falsecount="0"/>
      <line num="44" count="1" type="stmt"/>
      <line num="46" count="13" type="stmt"/>
      <line num="47" count="9" type="cond" truecount="4" falsecount="0"/>
      <line num="48" count="1" type="stmt"/>
      <line num="49" count="9" type="cond" truecount="4" falsecount="0"/>
      <line num="50" count="1" type="stmt"/>
      <line num="51" count="9" type="cond" truecount="4" falsecount="0"/>
      <line num="52" count="1" type="stmt"/>
      <line num="53" count="9" type="cond" truecount="4" falsecount="0"/>
      <line num="54" count="1" type="stmt"/>
      <line num="55" count="9" type="cond" truecount="4" falsecount="0"/>
      <line num="56" count="1" type="stmt"/>
      <line num="60" count="20" type="stmt"/>
      <line num="64" count="3" type="stmt"/>
      <line num="65" count="6" type="stmt"/>
      <line num="66" count="6" type="cond" truecount="2" falsecount="0"/>
      <line num="67" count="6" type="cond" truecount="2" falsecount="0"/>
      <line num="68" count="6" type="stmt"/>
      <line num="69" count="6" type="stmt"/>
      <line num="70" count="6" type="cond" truecount="2" falsecount="0"/>
      <line num="71" count="6" type="stmt"/>
      <line num="77" count="5" type="stmt"/>
      <line num="79" count="1" type="stmt"/>
      <line num="84" count="3" type="stmt"/>
      <line num="85" count="7" type="stmt"/>
      <line num="86" count="7" type="stmt"/>
      <line num="87" count="6" type="stmt"/>
      <line num="88" count="40" type="cond" truecount="2" falsecount="0"/>
      <line num="89" count="40" type="stmt"/>
      <line num="90" count="6" type="stmt"/>
      <line num="91" count="40" type="stmt"/>
      <line num="92" count="6" type="stmt"/>
      <line num="93" count="40" type="cond" truecount="2" falsecount="0"/>
      <line num="94" count="4" type="stmt"/>
      <line num="95" count="40" type="cond" truecount="2" falsecount="0"/>
      <line num="96" count="4" type="stmt"/>
      <line num="97" count="40" type="stmt"/>
      <line num="98" count="40" type="stmt"/>
      <line num="99" count="40" type="cond" truecount="2" falsecount="0"/>
      <line num="100" count="4" type="stmt"/>
      <line num="101" count="40" type="stmt"/>
      <line num="102" count="67" type="stmt"/>
      <line num="103" count="6" type="stmt"/>
      <line num="104" count="6" type="stmt"/>
      <line num="105" count="40" type="stmt"/>
      <line num="106" count="4" type="stmt"/>
      <line num="107" count="4" type="cond" truecount="2" falsecount="0"/>
      <line num="110" count="6" type="cond" truecount="2" falsecount="0"/>
      <line num="111" count="6" type="stmt"/>
      <line num="114" count="6" type="stmt"/>
      <line num="122" count="1" type="stmt"/>
      <line num="127" count="3" type="stmt"/>
      <line num="128" count="2" type="stmt"/>
      <line num="132" count="3" type="stmt"/>
      <line num="133" count="4" type="stmt"/>
      <line num="134" count="4" type="stmt"/>
      <line num="137" count="3" type="cond" truecount="2" falsecount="0"/>
      <line num="138" count="2" type="stmt"/>
      <line num="140" count="1" type="stmt"/>
      <line num="145" count="3" type="stmt"/>
      <line num="146" count="15" type="stmt"/>
      <line num="147" count="15" type="stmt"/>
      <line num="148" count="15" type="cond" truecount="2" falsecount="0"/>
      <line num="149" count="8" type="stmt"/>
      <line num="151" count="7" type="stmt"/>
      <line num="159" count="6" type="cond" truecount="4" falsecount="0"/>
      <line num="160" count="1" type="stmt"/>
      <line num="161" count="1" type="stmt"/>
      <line num="165" count="6" type="stmt"/>
      <line num="167" count="6" type="stmt"/>
      <line num="170" count="6" type="stmt"/>
      <line num="172" count="1" type="stmt"/>
      <line num="177" count="3" type="stmt"/>
      <line num="178" count="7" type="stmt"/>
      <line num="179" count="7" type="stmt"/>
      <line num="180" count="6" type="cond" truecount="2" falsecount="0"/>
      <line num="181" count="5" type="stmt"/>
      <line num="182" count="5" type="cond" truecount="2" falsecount="0"/>
      <line num="183" count="2" type="stmt"/>
      <line num="184" count="3" type="stmt"/>
      <line num="185" count="3" type="cond" truecount="2" falsecount="0"/>
      <line num="186" count="2" type="stmt"/>
      <line num="187" count="2" type="cond" truecount="2" falsecount="0"/>
      <line num="188" count="1" type="stmt"/>
      <line num="189" count="1" type="stmt"/>
      <line num="193" count="3" type="stmt"/>
      <line num="194" count="3" type="stmt"/>
      <line num="197" count="3" type="stmt"/>
      <line num="199" count="1" type="stmt"/>
      <line num="204" count="3" type="stmt"/>
      <line num="205" count="3" type="stmt"/>
      <line num="206" count="3" type="stmt"/>
      <line num="207" count="2" type="cond" truecount="2" falsecount="0"/>
      <line num="208" count="1" type="stmt"/>
      <line num="209" count="1" type="stmt"/>
      <line num="210" count="1" type="stmt"/>
      <line num="211" count="1" type="stmt"/>
      <line num="212" count="1" type="stmt"/>
      <line num="214" count="1" type="stmt"/>
      <line num="219" count="3" type="stmt"/>
      <line num="220" count="3" type="stmt"/>
      <line num="221" count="3" type="stmt"/>
      <line num="222" count="2" type="cond" truecount="2" falsecount="0"/>
      <line num="223" count="1" type="stmt"/>
      <line num="224" count="1" type="stmt"/>
      <line num="225" count="1" type="stmt"/>
      <line num="226" count="1" type="stmt"/>
      <line num="229" count="1" type="stmt"/>
      <line num="231" count="1" type="stmt"/>
      <line num="236" count="3" type="stmt"/>
      <line num="237" count="4" type="stmt"/>
      <line num="238" count="4" type="stmt"/>
      <line num="239" count="3" type="cond" truecount="2" falsecount="0"/>
      <line num="240" count="2" type="stmt"/>
      <line num="243" count="2" type="cond" truecount="2" falsecount="0"/>
      <line num="244" count="1" type="stmt"/>
      <line num="245" count="1" type="stmt"/>
      <line num="246" count="1" type="stmt"/>
      <line num="249" count="1" type="stmt"/>
      <line num="251" count="1" type="stmt"/>
      <line num="255" count="3" type="stmt"/>
    </file>
    <file name="users.js" path="/Users/vanesszatar/Desktop/uni/an 2 sem 2/SDI/fitnova/server/routes/users.js">
      <metrics statements="129" coveredstatements="129" conditionals="100" coveredconditionals="99" methods="12" coveredmethods="12"/>
      <line num="1" count="3" type="stmt"/>
      <line num="2" count="3" type="stmt"/>
      <line num="3" count="3" type="stmt"/>
      <line num="4" count="3" type="stmt"/>
      <line num="5" count="3" type="stmt"/>
      <line num="6" count="3" type="stmt"/>
      <line num="7" count="3" type="stmt"/>
      <line num="8" count="3" type="stmt"/>
      <line num="11" count="30" type="stmt"/>
      <line num="13" count="30" type="cond" truecount="4" falsecount="0"/>
      <line num="14" count="3" type="stmt"/>
      <line num="15" count="27" type="cond" truecount="2" falsecount="0"/>
      <line num="16" count="1" type="stmt"/>
      <line num="19" count="30" type="cond" truecount="4" falsecount="0"/>
      <line num="20" count="1" type="stmt"/>
      <line num="21" count="29" type="cond" truecount="2" falsecount="0"/>
      <line num="22" count="1" type="stmt"/>
      <line num="25" count="30" type="cond" truecount="4" falsecount="0"/>
      <line num="26" count="1" type="stmt"/>
      <line num="27" count="29" type="cond" truecount="2" falsecount="0"/>
      <line num="28" count="1" type="stmt"/>
      <line num="29" count="28" type="cond" truecount="2" falsecount="0"/>
      <line num="30" count="2" type="stmt"/>
      <line num="33" count="30" type="cond" truecount="4" falsecount="0"/>
      <line num="34" count="1" type="stmt"/>
      <line num="37" count="30" type="cond" truecount="4" falsecount="0"/>
      <line num="38" count="1" type="stmt"/>
      <line num="39" count="29" type="cond" truecount="4" falsecount="0"/>
      <line num="40" count="2" type="stmt"/>
      <line num="43" count="30" type="cond" truecount="4" falsecount="0"/>
      <line num="44" count="1" type="stmt"/>
      <line num="46" count="29" type="cond" truecount="2" falsecount="0"/>
      <line num="47" count="1" type="stmt"/>
      <line num="48" count="28" type="cond" truecount="4" falsecount="0"/>
      <line num="49" count="2" type="stmt"/>
      <line num="50" count="26" type="cond" truecount="2" falsecount="0"/>
      <line num="51" count="1" type="stmt"/>
      <line num="52" count="25" type="cond" truecount="2" falsecount="0"/>
      <line num="53" count="1" type="stmt"/>
      <line num="57" count="30" type="cond" truecount="2" falsecount="0"/>
      <line num="58" count="27" type="cond" truecount="2" falsecount="0"/>
      <line num="59" count="2" type="stmt"/>
      <line num="60" count="25" type="cond" truecount="2" falsecount="0"/>
      <line num="61" count="1" type="stmt"/>
      <line num="65" count="30" type="stmt"/>
      <line num="69" count="3" type="stmt"/>
      <line num="70" count="4" type="stmt"/>
      <line num="71" count="4" type="cond" truecount="2" falsecount="0"/>
      <line num="72" count="4" type="cond" truecount="2" falsecount="0"/>
      <line num="73" count="4" type="stmt"/>
      <line num="75" count="4" type="stmt"/>
      <line num="81" count="3" type="stmt"/>
      <line num="89" count="1" type="stmt"/>
      <line num="94" count="3" type="stmt"/>
      <line num="95" count="3" type="stmt"/>
      <line num="96" count="3" type="stmt"/>
      <line num="97" count="2" type="stmt"/>
      <line num="98" count="3" type="cond" truecount="2" falsecount="0"/>
      <line num="99" count="3" type="stmt"/>
      <line num="101" count="2" type="cond" truecount="2" falsecount="0"/>
      <line num="102" count="3" type="stmt"/>
      <line num="105" count="2" type="stmt"/>
      <line num="111" count="1" type="stmt"/>
      <line num="116" count="3" type="stmt"/>
      <line num="117" count="3" type="stmt"/>
      <line num="118" count="3" type="stmt"/>
      <line num="121" count="2" type="cond" truecount="2" falsecount="0"/>
      <line num="122" count="1" type="stmt"/>
      <line num="124" count="1" type="stmt"/>
      <line num="129" count="3" type="stmt"/>
      <line num="130" count="27" type="stmt"/>
      <line num="131" count="27" type="stmt"/>
      <line num="132" count="27" type="cond" truecount="2" falsecount="0"/>
      <line num="133" count="20" type="stmt"/>
      <line num="135" count="7" type="stmt"/>
      <line num="136" count="6" type="cond" truecount="2" falsecount="0"/>
      <line num="138" count="5" type="stmt"/>
      <line num="139" count="5" type="stmt"/>
      <line num="148" count="5" type="stmt"/>
      <line num="150" count="5" type="stmt"/>
      <line num="154" count="10" type="cond" truecount="1" falsecount="1"/>
      <line num="156" count="5" type="stmt"/>
      <line num="163" count="5" type="stmt"/>
      <line num="168" count="5" type="stmt"/>
      <line num="173" count="5" type="stmt"/>
      <line num="180" count="5" type="stmt"/>
      <line num="181" count="5" type="stmt"/>
      <line num="183" count="1" type="stmt"/>
      <line num="188" count="3" type="stmt"/>
      <line num="189" count="17" type="stmt"/>
      <line num="190" count="17" type="stmt"/>
      <line num="191" count="17" type="cond" truecount="4" falsecount="0"/>
      <line num="192" count="2" type="stmt"/>
      <line num="194" count="15" type="stmt"/>
      <line num="198" count="14" type="cond" truecount="2" falsecount="0"/>
      <line num="200" count="12" type="stmt"/>
      <line num="201" count="12" type="cond" truecount="2" falsecount="0"/>
      <line num="203" count="10" type="stmt"/>
      <line num="205" count="18" type="cond" truecount="2" falsecount="0"/>
      <line num="208" count="10" type="stmt"/>
      <line num="215" count="10" type="stmt"/>
      <line num="222" count="10" type="stmt"/>
      <line num="229" count="9" type="stmt"/>
      <line num="236" count="9" type="stmt"/>
      <line num="237" count="9" type="stmt"/>
      <line num="239" count="2" type="stmt"/>
      <line num="244" count="3" type="stmt"/>
      <line num="245" count="5" type="stmt"/>
      <line num="246" count="5" type="stmt"/>
      <line num="247" count="4" type="cond" truecount="2" falsecount="0"/>
      <line num="249" count="3" type="stmt"/>
      <line num="254" count="3" type="stmt"/>
      <line num="255" count="3" type="cond" truecount="2" falsecount="0"/>
      <line num="256" count="1" type="stmt"/>
      <line num="258" count="2" type="stmt"/>
      <line num="266" count="2" type="stmt"/>
      <line num="268" count="2" type="stmt"/>
      <line num="269" count="2" type="stmt"/>
      <line num="271" count="1" type="stmt"/>
      <line num="276" count="3" type="stmt"/>
      <line num="277" count="3" type="stmt"/>
      <line num="278" count="3" type="stmt"/>
      <line num="279" count="2" type="cond" truecount="2" falsecount="0"/>
      <line num="281" count="1" type="stmt"/>
      <line num="282" count="1" type="stmt"/>
      <line num="284" count="1" type="stmt"/>
      <line num="286" count="1" type="stmt"/>
      <line num="288" count="1" type="stmt"/>
      <line num="292" count="3" type="stmt"/>
    </file>
  </project>
</coverage>
