{"/Users/vanesszatar/Desktop/uni/an 2 sem 2/SDI/fitnova/server/routes/plans.js": {"path":"/Users/vanesszatar/Desktop/uni/an 2 sem 2/SDI/fitnova/server/routes/plans.js","statementMap":{"0":{"start":{"line":1,"column":16},"end":{"line":1,"column":34}},"1":{"start":{"line":2,"column":15},"end":{"line":2,"column":31}},"2":{"start":{"line":3,"column":27},"end":{"line":3,"column":47}},"3":{"start":{"line":4,"column":24},"end":{"line":4,"column":64}},"4":{"start":{"line":5,"column":20},"end":{"line":5,"column":56}},"5":{"start":{"line":6,"column":18},"end":{"line":6,"column":48}},"6":{"start":{"line":8,"column":27},"end":{"line":34,"column":1}},"7":{"start":{"line":37,"column":17},"end":{"line":37,"column":19}},"8":{"start":{"line":38,"column":2},"end":{"line":39,"column":41}},"9":{"start":{"line":39,"column":4},"end":{"line":39,"column":41}},"10":{"start":{"line":40,"column":2},"end":{"line":41,"column":50}},"11":{"start":{"line":41,"column":4},"end":{"line":41,"column":50}},"12":{"start":{"line":42,"column":2},"end":{"line":59,"column":3}},"13":{"start":{"line":43,"column":4},"end":{"line":58,"column":5}},"14":{"start":{"line":44,"column":6},"end":{"line":44,"column":53}},"15":{"start":{"line":46,"column":6},"end":{"line":57,"column":8}},"16":{"start":{"line":47,"column":8},"end":{"line":48,"column":70}},"17":{"start":{"line":48,"column":10},"end":{"line":48,"column":70}},"18":{"start":{"line":49,"column":8},"end":{"line":50,"column":72}},"19":{"start":{"line":50,"column":10},"end":{"line":50,"column":72}},"20":{"start":{"line":51,"column":8},"end":{"line":52,"column":72}},"21":{"start":{"line":52,"column":10},"end":{"line":52,"column":72}},"22":{"start":{"line":53,"column":8},"end":{"line":54,"column":73}},"23":{"start":{"line":54,"column":10},"end":{"line":54,"column":73}},"24":{"start":{"line":55,"column":8},"end":{"line":56,"column":76}},"25":{"start":{"line":56,"column":10},"end":{"line":56,"column":76}},"26":{"start":{"line":60,"column":2},"end":{"line":60,"column":15}},"27":{"start":{"line":64,"column":0},"end":{"line":81,"column":2}},"28":{"start":{"line":65,"column":2},"end":{"line":80,"column":3}},"29":{"start":{"line":66,"column":17},"end":{"line":66,"column":59}},"30":{"start":{"line":67,"column":18},"end":{"line":67,"column":61}},"31":{"start":{"line":68,"column":19},"end":{"line":68,"column":37}},"32":{"start":{"line":69,"column":18},"end":{"line":69,"column":20}},"33":{"start":{"line":70,"column":4},"end":{"line":70,"column":57}},"34":{"start":{"line":70,"column":26},"end":{"line":70,"column":57}},"35":{"start":{"line":71,"column":28},"end":{"line":76,"column":6}},"36":{"start":{"line":77,"column":4},"end":{"line":77,"column":93}},"37":{"start":{"line":79,"column":4},"end":{"line":79,"column":51}},"38":{"start":{"line":84,"column":0},"end":{"line":124,"column":2}},"39":{"start":{"line":85,"column":2},"end":{"line":123,"column":3}},"40":{"start":{"line":86,"column":18},"end":{"line":86,"column":89}},"41":{"start":{"line":87,"column":23},"end":{"line":87,"column":35}},"42":{"start":{"line":88,"column":23},"end":{"line":88,"column":69}},"43":{"start":{"line":88,"column":39},"end":{"line":88,"column":60}},"44":{"start":{"line":89,"column":27},"end":{"line":89,"column":80}},"45":{"start":{"line":89,"column":52},"end":{"line":89,"column":76}},"46":{"start":{"line":90,"column":22},"end":{"line":91,"column":59}},"47":{"start":{"line":91,"column":6},"end":{"line":91,"column":55}},"48":{"start":{"line":91,"column":41},"end":{"line":91,"column":51}},"49":{"start":{"line":92,"column":27},"end":{"line":102,"column":40}},"50":{"start":{"line":93,"column":22},"end":{"line":94,"column":78}},"51":{"start":{"line":94,"column":39},"end":{"line":94,"column":49}},"52":{"start":{"line":95,"column":21},"end":{"line":96,"column":77}},"53":{"start":{"line":96,"column":39},"end":{"line":96,"column":48}},"54":{"start":{"line":97,"column":20},"end":{"line":97,"column":79}},"55":{"start":{"line":98,"column":28},"end":{"line":98,"column":71}},"56":{"start":{"line":98,"column":57},"end":{"line":98,"column":67}},"57":{"start":{"line":99,"column":25},"end":{"line":100,"column":99}},"58":{"start":{"line":100,"column":50},"end":{"line":100,"column":59}},"59":{"start":{"line":101,"column":6},"end":{"line":101,"column":145}},"60":{"start":{"line":102,"column":22},"end":{"line":102,"column":39}},"61":{"start":{"line":103,"column":22},"end":{"line":103,"column":24}},"62":{"start":{"line":104,"column":4},"end":{"line":109,"column":6}},"63":{"start":{"line":105,"column":6},"end":{"line":108,"column":8}},"64":{"start":{"line":106,"column":23},"end":{"line":106,"column":52}},"65":{"start":{"line":107,"column":8},"end":{"line":107,"column":56}},"66":{"start":{"line":110,"column":29},"end":{"line":110,"column":85}},"67":{"start":{"line":110,"column":71},"end":{"line":110,"column":76}},"68":{"start":{"line":111,"column":31},"end":{"line":113,"column":7}},"69":{"start":{"line":111,"column":81},"end":{"line":113,"column":5}},"70":{"start":{"line":114,"column":4},"end":{"line":120,"column":6}},"71":{"start":{"line":122,"column":4},"end":{"line":122,"column":51}},"72":{"start":{"line":127,"column":0},"end":{"line":129,"column":2}},"73":{"start":{"line":128,"column":2},"end":{"line":128,"column":30}},"74":{"start":{"line":132,"column":0},"end":{"line":142,"column":2}},"75":{"start":{"line":133,"column":2},"end":{"line":141,"column":3}},"76":{"start":{"line":134,"column":17},"end":{"line":136,"column":6}},"77":{"start":{"line":137,"column":4},"end":{"line":137,"column":71}},"78":{"start":{"line":137,"column":15},"end":{"line":137,"column":71}},"79":{"start":{"line":138,"column":4},"end":{"line":138,"column":18}},"80":{"start":{"line":140,"column":4},"end":{"line":140,"column":51}},"81":{"start":{"line":145,"column":0},"end":{"line":174,"column":2}},"82":{"start":{"line":146,"column":2},"end":{"line":173,"column":3}},"83":{"start":{"line":147,"column":19},"end":{"line":147,"column":41}},"84":{"start":{"line":148,"column":4},"end":{"line":149,"column":45}},"85":{"start":{"line":149,"column":6},"end":{"line":149,"column":45}},"86":{"start":{"line":151,"column":17},"end":{"line":157,"column":6}},"87":{"start":{"line":159,"column":4},"end":{"line":163,"column":5}},"88":{"start":{"line":160,"column":6},"end":{"line":162,"column":7}},"89":{"start":{"line":161,"column":38},"end":{"line":161,"column":64}},"90":{"start":{"line":165,"column":4},"end":{"line":165,"column":74}},"91":{"start":{"line":167,"column":19},"end":{"line":169,"column":6}},"92":{"start":{"line":170,"column":4},"end":{"line":170,"column":32}},"93":{"start":{"line":172,"column":4},"end":{"line":172,"column":51}},"94":{"start":{"line":177,"column":0},"end":{"line":201,"column":2}},"95":{"start":{"line":178,"column":2},"end":{"line":200,"column":3}},"96":{"start":{"line":179,"column":17},"end":{"line":179,"column":61}},"97":{"start":{"line":180,"column":4},"end":{"line":180,"column":71}},"98":{"start":{"line":180,"column":15},"end":{"line":180,"column":71}},"99":{"start":{"line":181,"column":19},"end":{"line":181,"column":41}},"100":{"start":{"line":182,"column":4},"end":{"line":183,"column":45}},"101":{"start":{"line":183,"column":6},"end":{"line":183,"column":45}},"102":{"start":{"line":184,"column":4},"end":{"line":184,"column":81}},"103":{"start":{"line":185,"column":4},"end":{"line":192,"column":5}},"104":{"start":{"line":186,"column":6},"end":{"line":186,"column":60}},"105":{"start":{"line":187,"column":6},"end":{"line":191,"column":7}},"106":{"start":{"line":188,"column":8},"end":{"line":190,"column":9}},"107":{"start":{"line":189,"column":40},"end":{"line":189,"column":66}},"108":{"start":{"line":193,"column":4},"end":{"line":193,"column":97}},"109":{"start":{"line":194,"column":19},"end":{"line":196,"column":6}},"110":{"start":{"line":197,"column":4},"end":{"line":197,"column":20}},"111":{"start":{"line":199,"column":4},"end":{"line":199,"column":51}},"112":{"start":{"line":204,"column":0},"end":{"line":216,"column":2}},"113":{"start":{"line":205,"column":2},"end":{"line":215,"column":3}},"114":{"start":{"line":206,"column":17},"end":{"line":206,"column":61}},"115":{"start":{"line":207,"column":4},"end":{"line":207,"column":71}},"116":{"start":{"line":207,"column":15},"end":{"line":207,"column":71}},"117":{"start":{"line":208,"column":21},"end":{"line":208,"column":30}},"118":{"start":{"line":209,"column":4},"end":{"line":209,"column":58}},"119":{"start":{"line":210,"column":4},"end":{"line":210,"column":24}},"120":{"start":{"line":211,"column":4},"end":{"line":211,"column":92}},"121":{"start":{"line":212,"column":4},"end":{"line":212,"column":54}},"122":{"start":{"line":214,"column":4},"end":{"line":214,"column":51}},"123":{"start":{"line":219,"column":0},"end":{"line":233,"column":2}},"124":{"start":{"line":220,"column":2},"end":{"line":232,"column":3}},"125":{"start":{"line":221,"column":17},"end":{"line":221,"column":61}},"126":{"start":{"line":222,"column":4},"end":{"line":222,"column":71}},"127":{"start":{"line":222,"column":15},"end":{"line":222,"column":71}},"128":{"start":{"line":223,"column":4},"end":{"line":223,"column":60}},"129":{"start":{"line":224,"column":4},"end":{"line":224,"column":43}},"130":{"start":{"line":225,"column":4},"end":{"line":225,"column":95}},"131":{"start":{"line":226,"column":19},"end":{"line":228,"column":6}},"132":{"start":{"line":229,"column":4},"end":{"line":229,"column":20}},"133":{"start":{"line":231,"column":4},"end":{"line":231,"column":51}},"134":{"start":{"line":236,"column":0},"end":{"line":253,"column":2}},"135":{"start":{"line":237,"column":2},"end":{"line":252,"column":3}},"136":{"start":{"line":238,"column":17},"end":{"line":238,"column":61}},"137":{"start":{"line":239,"column":4},"end":{"line":239,"column":71}},"138":{"start":{"line":239,"column":15},"end":{"line":239,"column":71}},"139":{"start":{"line":240,"column":21},"end":{"line":242,"column":6}},"140":{"start":{"line":243,"column":4},"end":{"line":243,"column":92}},"141":{"start":{"line":243,"column":19},"end":{"line":243,"column":92}},"142":{"start":{"line":244,"column":4},"end":{"line":244,"column":28}},"143":{"start":{"line":245,"column":4},"end":{"line":245,"column":103}},"144":{"start":{"line":246,"column":19},"end":{"line":248,"column":6}},"145":{"start":{"line":249,"column":4},"end":{"line":249,"column":20}},"146":{"start":{"line":251,"column":4},"end":{"line":251,"column":51}},"147":{"start":{"line":255,"column":0},"end":{"line":255,"column":23}}},"fnMap":{"0":{"name":"validatePlan","decl":{"start":{"line":36,"column":9},"end":{"line":36,"column":21}},"loc":{"start":{"line":36,"column":28},"end":{"line":61,"column":1}},"line":36},"1":{"name":"(anonymous_1)","decl":{"start":{"line":46,"column":29},"end":{"line":46,"column":30}},"loc":{"start":{"line":46,"column":40},"end":{"line":57,"column":7}},"line":46},"2":{"name":"(anonymous_2)","decl":{"start":{"line":64,"column":29},"end":{"line":64,"column":30}},"loc":{"start":{"line":64,"column":49},"end":{"line":81,"column":1}},"line":64},"3":{"name":"(anonymous_3)","decl":{"start":{"line":84,"column":42},"end":{"line":84,"column":43}},"loc":{"start":{"line":84,"column":62},"end":{"line":124,"column":1}},"line":84},"4":{"name":"(anonymous_4)","decl":{"start":{"line":88,"column":34},"end":{"line":88,"column":35}},"loc":{"start":{"line":88,"column":39},"end":{"line":88,"column":60}},"line":88},"5":{"name":"(anonymous_5)","decl":{"start":{"line":89,"column":40},"end":{"line":89,"column":41}},"loc":{"start":{"line":89,"column":52},"end":{"line":89,"column":76}},"line":89},"6":{"name":"(anonymous_6)","decl":{"start":{"line":90,"column":35},"end":{"line":90,"column":36}},"loc":{"start":{"line":91,"column":6},"end":{"line":91,"column":55}},"line":91},"7":{"name":"(anonymous_7)","decl":{"start":{"line":91,"column":31},"end":{"line":91,"column":32}},"loc":{"start":{"line":91,"column":41},"end":{"line":91,"column":51}},"line":91},"8":{"name":"(anonymous_8)","decl":{"start":{"line":92,"column":37},"end":{"line":92,"column":38}},"loc":{"start":{"line":92,"column":42},"end":{"line":102,"column":5}},"line":92},"9":{"name":"(anonymous_9)","decl":{"start":{"line":94,"column":29},"end":{"line":94,"column":30}},"loc":{"start":{"line":94,"column":39},"end":{"line":94,"column":49}},"line":94},"10":{"name":"(anonymous_10)","decl":{"start":{"line":96,"column":29},"end":{"line":96,"column":30}},"loc":{"start":{"line":96,"column":39},"end":{"line":96,"column":48}},"line":96},"11":{"name":"(anonymous_11)","decl":{"start":{"line":98,"column":47},"end":{"line":98,"column":48}},"loc":{"start":{"line":98,"column":57},"end":{"line":98,"column":67}},"line":98},"12":{"name":"(anonymous_12)","decl":{"start":{"line":100,"column":40},"end":{"line":100,"column":41}},"loc":{"start":{"line":100,"column":50},"end":{"line":100,"column":59}},"line":100},"13":{"name":"(anonymous_13)","decl":{"start":{"line":102,"column":12},"end":{"line":102,"column":13}},"loc":{"start":{"line":102,"column":22},"end":{"line":102,"column":39}},"line":102},"14":{"name":"(anonymous_14)","decl":{"start":{"line":104,"column":18},"end":{"line":104,"column":19}},"loc":{"start":{"line":104,"column":23},"end":{"line":109,"column":5}},"line":104},"15":{"name":"(anonymous_15)","decl":{"start":{"line":105,"column":26},"end":{"line":105,"column":27}},"loc":{"start":{"line":105,"column":31},"end":{"line":108,"column":7}},"line":105},"16":{"name":"(anonymous_16)","decl":{"start":{"line":110,"column":61},"end":{"line":110,"column":62}},"loc":{"start":{"line":110,"column":71},"end":{"line":110,"column":76}},"line":110},"17":{"name":"(anonymous_17)","decl":{"start":{"line":111,"column":61},"end":{"line":111,"column":62}},"loc":{"start":{"line":111,"column":81},"end":{"line":113,"column":5}},"line":111},"18":{"name":"(anonymous_18)","decl":{"start":{"line":127,"column":35},"end":{"line":127,"column":36}},"loc":{"start":{"line":127,"column":49},"end":{"line":129,"column":1}},"line":127},"19":{"name":"(anonymous_19)","decl":{"start":{"line":132,"column":32},"end":{"line":132,"column":33}},"loc":{"start":{"line":132,"column":52},"end":{"line":142,"column":1}},"line":132},"20":{"name":"(anonymous_20)","decl":{"start":{"line":145,"column":50},"end":{"line":145,"column":51}},"loc":{"start":{"line":145,"column":70},"end":{"line":174,"column":1}},"line":145},"21":{"name":"(anonymous_21)","decl":{"start":{"line":161,"column":31},"end":{"line":161,"column":32}},"loc":{"start":{"line":161,"column":38},"end":{"line":161,"column":64}},"line":161},"22":{"name":"(anonymous_22)","decl":{"start":{"line":177,"column":52},"end":{"line":177,"column":53}},"loc":{"start":{"line":177,"column":72},"end":{"line":201,"column":1}},"line":177},"23":{"name":"(anonymous_23)","decl":{"start":{"line":189,"column":33},"end":{"line":189,"column":34}},"loc":{"start":{"line":189,"column":40},"end":{"line":189,"column":66}},"line":189},"24":{"name":"(anonymous_24)","decl":{"start":{"line":204,"column":58},"end":{"line":204,"column":59}},"loc":{"start":{"line":204,"column":78},"end":{"line":216,"column":1}},"line":204},"25":{"name":"(anonymous_25)","decl":{"start":{"line":219,"column":63},"end":{"line":219,"column":64}},"loc":{"start":{"line":219,"column":83},"end":{"line":233,"column":1}},"line":219},"26":{"name":"(anonymous_26)","decl":{"start":{"line":236,"column":77},"end":{"line":236,"column":78}},"loc":{"start":{"line":236,"column":97},"end":{"line":253,"column":1}},"line":236}},"branchMap":{"0":{"loc":{"start":{"line":38,"column":2},"end":{"line":39,"column":41}},"type":"if","locations":[{"start":{"line":38,"column":2},"end":{"line":39,"column":41}},{"start":{},"end":{}}],"line":38},"1":{"loc":{"start":{"line":38,"column":6},"end":{"line":38,"column":43}},"type":"binary-expr","locations":[{"start":{"line":38,"column":6},"end":{"line":38,"column":16}},{"start":{"line":38,"column":20},"end":{"line":38,"column":43}}],"line":38},"2":{"loc":{"start":{"line":40,"column":2},"end":{"line":41,"column":50}},"type":"if","locations":[{"start":{"line":40,"column":2},"end":{"line":41,"column":50}},{"start":{},"end":{}}],"line":40},"3":{"loc":{"start":{"line":40,"column":6},"end":{"line":40,"column":57}},"type":"binary-expr","locations":[{"start":{"line":40,"column":6},"end":{"line":40,"column":23}},{"start":{"line":40,"column":27},"end":{"line":40,"column":57}}],"line":40},"4":{"loc":{"start":{"line":42,"column":2},"end":{"line":59,"column":3}},"type":"if","locations":[{"start":{"line":42,"column":2},"end":{"line":59,"column":3}},{"start":{},"end":{}}],"line":42},"5":{"loc":{"start":{"line":43,"column":4},"end":{"line":58,"column":5}},"type":"if","locations":[{"start":{"line":43,"column":4},"end":{"line":58,"column":5}},{"start":{"line":45,"column":11},"end":{"line":58,"column":5}}],"line":43},"6":{"loc":{"start":{"line":47,"column":8},"end":{"line":48,"column":70}},"type":"if","locations":[{"start":{"line":47,"column":8},"end":{"line":48,"column":70}},{"start":{},"end":{}}],"line":47},"7":{"loc":{"start":{"line":47,"column":12},"end":{"line":47,"column":45}},"type":"binary-expr","locations":[{"start":{"line":47,"column":12},"end":{"line":47,"column":20}},{"start":{"line":47,"column":24},"end":{"line":47,"column":45}}],"line":47},"8":{"loc":{"start":{"line":49,"column":8},"end":{"line":50,"column":72}},"type":"if","locations":[{"start":{"line":49,"column":8},"end":{"line":50,"column":72}},{"start":{},"end":{}}],"line":49},"9":{"loc":{"start":{"line":49,"column":12},"end":{"line":49,"column":49}},"type":"binary-expr","locations":[{"start":{"line":49,"column":12},"end":{"line":49,"column":33}},{"start":{"line":49,"column":37},"end":{"line":49,"column":49}}],"line":49},"10":{"loc":{"start":{"line":51,"column":8},"end":{"line":52,"column":72}},"type":"if","locations":[{"start":{"line":51,"column":8},"end":{"line":52,"column":72}},{"start":{},"end":{}}],"line":51},"11":{"loc":{"start":{"line":51,"column":12},"end":{"line":51,"column":49}},"type":"binary-expr","locations":[{"start":{"line":51,"column":12},"end":{"line":51,"column":33}},{"start":{"line":51,"column":37},"end":{"line":51,"column":49}}],"line":51},"12":{"loc":{"start":{"line":53,"column":8},"end":{"line":54,"column":73}},"type":"if","locations":[{"start":{"line":53,"column":8},"end":{"line":54,"column":73}},{"start":{},"end":{}}],"line":53},"13":{"loc":{"start":{"line":53,"column":12},"end":{"line":53,"column":48}},"type":"binary-expr","locations":[{"start":{"line":53,"column":12},"end":{"line":53,"column":33}},{"start":{"line":53,"column":37},"end":{"line":53,"column":48}}],"line":53},"14":{"loc":{"start":{"line":55,"column":8},"end":{"line":56,"column":76}},"type":"if","locations":[{"start":{"line":55,"column":8},"end":{"line":56,"column":76}},{"start":{},"end":{}}],"line":55},"15":{"loc":{"start":{"line":55,"column":12},"end":{"line":55,"column":47}},"type":"binary-expr","locations":[{"start":{"line":55,"column":12},"end":{"line":55,"column":32}},{"start":{"line":55,"column":36},"end":{"line":55,"column":47}}],"line":55},"16":{"loc":{"start":{"line":66,"column":29},"end":{"line":66,"column":58}},"type":"binary-expr","locations":[{"start":{"line":66,"column":29},"end":{"line":66,"column":53}},{"start":{"line":66,"column":57},"end":{"line":66,"column":58}}],"line":66},"17":{"loc":{"start":{"line":67,"column":30},"end":{"line":67,"column":60}},"type":"binary-expr","locations":[{"start":{"line":67,"column":30},"end":{"line":67,"column":55}},{"start":{"line":67,"column":59},"end":{"line":67,"column":60}}],"line":67},"18":{"loc":{"start":{"line":70,"column":4},"end":{"line":70,"column":57}},"type":"if","locations":[{"start":{"line":70,"column":4},"end":{"line":70,"column":57}},{"start":{},"end":{}}],"line":70},"19":{"loc":{"start":{"line":88,"column":23},"end":{"line":88,"column":69}},"type":"binary-expr","locations":[{"start":{"line":88,"column":23},"end":{"line":88,"column":61}},{"start":{"line":88,"column":65},"end":{"line":88,"column":69}}],"line":88},"20":{"loc":{"start":{"line":93,"column":22},"end":{"line":94,"column":78}},"type":"cond-expr","locations":[{"start":{"line":94,"column":10},"end":{"line":94,"column":74}},{"start":{"line":94,"column":77},"end":{"line":94,"column":78}}],"line":93},"21":{"loc":{"start":{"line":95,"column":21},"end":{"line":96,"column":77}},"type":"cond-expr","locations":[{"start":{"line":96,"column":10},"end":{"line":96,"column":73}},{"start":{"line":96,"column":76},"end":{"line":96,"column":77}}],"line":95},"22":{"loc":{"start":{"line":99,"column":25},"end":{"line":100,"column":99}},"type":"cond-expr","locations":[{"start":{"line":100,"column":10},"end":{"line":100,"column":95}},{"start":{"line":100,"column":98},"end":{"line":100,"column":99}}],"line":99},"23":{"loc":{"start":{"line":107,"column":29},"end":{"line":107,"column":51}},"type":"binary-expr","locations":[{"start":{"line":107,"column":29},"end":{"line":107,"column":46}},{"start":{"line":107,"column":50},"end":{"line":107,"column":51}}],"line":107},"24":{"loc":{"start":{"line":110,"column":29},"end":{"line":110,"column":85}},"type":"binary-expr","locations":[{"start":{"line":110,"column":29},"end":{"line":110,"column":80}},{"start":{"line":110,"column":84},"end":{"line":110,"column":85}}],"line":110},"25":{"loc":{"start":{"line":116,"column":18},"end":{"line":116,"column":82}},"type":"cond-expr","locations":[{"start":{"line":116,"column":31},"end":{"line":116,"column":75}},{"start":{"line":116,"column":78},"end":{"line":116,"column":82}}],"line":116},"26":{"loc":{"start":{"line":118,"column":25},"end":{"line":118,"column":50}},"type":"binary-expr","locations":[{"start":{"line":118,"column":25},"end":{"line":118,"column":42}},{"start":{"line":118,"column":46},"end":{"line":118,"column":50}}],"line":118},"27":{"loc":{"start":{"line":137,"column":4},"end":{"line":137,"column":71}},"type":"if","locations":[{"start":{"line":137,"column":4},"end":{"line":137,"column":71}},{"start":{},"end":{}}],"line":137},"28":{"loc":{"start":{"line":148,"column":4},"end":{"line":149,"column":45}},"type":"if","locations":[{"start":{"line":148,"column":4},"end":{"line":149,"column":45}},{"start":{},"end":{}}],"line":148},"29":{"loc":{"start":{"line":152,"column":14},"end":{"line":152,"column":51}},"type":"binary-expr","locations":[{"start":{"line":152,"column":14},"end":{"line":152,"column":29}},{"start":{"line":152,"column":33},"end":{"line":152,"column":51}}],"line":152},"30":{"loc":{"start":{"line":159,"column":4},"end":{"line":163,"column":5}},"type":"if","locations":[{"start":{"line":159,"column":4},"end":{"line":163,"column":5}},{"start":{},"end":{}}],"line":159},"31":{"loc":{"start":{"line":159,"column":8},"end":{"line":159,"column":59}},"type":"binary-expr","locations":[{"start":{"line":159,"column":8},"end":{"line":159,"column":26}},{"start":{"line":159,"column":30},"end":{"line":159,"column":59}}],"line":159},"32":{"loc":{"start":{"line":180,"column":4},"end":{"line":180,"column":71}},"type":"if","locations":[{"start":{"line":180,"column":4},"end":{"line":180,"column":71}},{"start":{},"end":{}}],"line":180},"33":{"loc":{"start":{"line":182,"column":4},"end":{"line":183,"column":45}},"type":"if","locations":[{"start":{"line":182,"column":4},"end":{"line":183,"column":45}},{"start":{},"end":{}}],"line":182},"34":{"loc":{"start":{"line":185,"column":4},"end":{"line":192,"column":5}},"type":"if","locations":[{"start":{"line":185,"column":4},"end":{"line":192,"column":5}},{"start":{},"end":{}}],"line":185},"35":{"loc":{"start":{"line":187,"column":6},"end":{"line":191,"column":7}},"type":"if","locations":[{"start":{"line":187,"column":6},"end":{"line":191,"column":7}},{"start":{},"end":{}}],"line":187},"36":{"loc":{"start":{"line":207,"column":4},"end":{"line":207,"column":71}},"type":"if","locations":[{"start":{"line":207,"column":4},"end":{"line":207,"column":71}},{"start":{},"end":{}}],"line":207},"37":{"loc":{"start":{"line":222,"column":4},"end":{"line":222,"column":71}},"type":"if","locations":[{"start":{"line":222,"column":4},"end":{"line":222,"column":71}},{"start":{},"end":{}}],"line":222},"38":{"loc":{"start":{"line":239,"column":4},"end":{"line":239,"column":71}},"type":"if","locations":[{"start":{"line":239,"column":4},"end":{"line":239,"column":71}},{"start":{},"end":{}}],"line":239},"39":{"loc":{"start":{"line":243,"column":4},"end":{"line":243,"column":92}},"type":"if","locations":[{"start":{"line":243,"column":4},"end":{"line":243,"column":92}},{"start":{},"end":{}}],"line":243}},"s":{"0":3,"1":3,"2":3,"3":3,"4":3,"5":3,"6":3,"7":20,"8":20,"9":2,"10":20,"11":2,"12":20,"13":14,"14":1,"15":13,"16":9,"17":1,"18":9,"19":1,"20":9,"21":1,"22":9,"23":1,"24":9,"25":1,"26":20,"27":3,"28":6,"29":6,"30":6,"31":6,"32":6,"33":6,"34":2,"35":6,"36":5,"37":1,"38":3,"39":7,"40":7,"41":6,"42":6,"43":40,"44":6,"45":40,"46":6,"47":40,"48":4,"49":6,"50":40,"51":4,"52":40,"53":4,"54":40,"55":40,"56":4,"57":40,"58":4,"59":40,"60":67,"61":6,"62":6,"63":40,"64":4,"65":4,"66":6,"67":4,"68":6,"69":4,"70":6,"71":1,"72":3,"73":2,"74":3,"75":4,"76":4,"77":3,"78":1,"79":2,"80":1,"81":3,"82":15,"83":15,"84":15,"85":8,"86":7,"87":6,"88":1,"89":1,"90":6,"91":6,"92":6,"93":1,"94":3,"95":7,"96":7,"97":6,"98":1,"99":5,"100":5,"101":2,"102":3,"103":3,"104":2,"105":2,"106":1,"107":1,"108":3,"109":3,"110":3,"111":1,"112":3,"113":3,"114":3,"115":2,"116":1,"117":1,"118":1,"119":1,"120":1,"121":1,"122":1,"123":3,"124":3,"125":3,"126":2,"127":1,"128":1,"129":1,"130":1,"131":1,"132":1,"133":1,"134":3,"135":4,"136":4,"137":3,"138":1,"139":2,"140":2,"141":1,"142":1,"143":1,"144":1,"145":1,"146":1,"147":3},"f":{"0":20,"1":9,"2":6,"3":7,"4":40,"5":40,"6":40,"7":4,"8":40,"9":4,"10":4,"11":4,"12":4,"13":67,"14":40,"15":4,"16":4,"17":4,"18":2,"19":4,"20":15,"21":1,"22":7,"23":1,"24":3,"25":3,"26":4},"b":{"0":[2,18],"1":[20,18],"2":[2,18],"3":[20,18],"4":[14,6],"5":[1,13],"6":[1,8],"7":[9,8],"8":[1,8],"9":[9,9],"10":[1,8],"11":[9,9],"12":[1,8],"13":[9,9],"14":[1,8],"15":[9,9],"16":[6,5],"17":[6,4],"18":[2,4],"19":[6,3],"20":[4,36],"21":[4,36],"22":[4,36],"23":[4,4],"24":[6,2],"25":[3,3],"26":[6,1],"27":[1,2],"28":[8,7],"29":[7,1],"30":[1,5],"31":[6,4],"32":[1,5],"33":[2,3],"34":[2,1],"35":[1,1],"36":[1,1],"37":[1,1],"38":[1,2],"39":[1,1]},"_coverageSchema":"1a1c01bbd47fc00a2c39e90264f33305004495a9","hash":"d34e2d8158776b1263dc840d5fdb78d885c38276"}
,"/Users/vanesszatar/Desktop/uni/an 2 sem 2/SDI/fitnova/server/routes/users.js": {"path":"/Users/vanesszatar/Desktop/uni/an 2 sem 2/SDI/fitnova/server/routes/users.js","statementMap":{"0":{"start":{"line":1,"column":16},"end":{"line":1,"column":34}},"1":{"start":{"line":2,"column":15},"end":{"line":2,"column":34}},"2":{"start":{"line":3,"column":12},"end":{"line":3,"column":35}},"3":{"start":{"line":4,"column":15},"end":{"line":4,"column":31}},"4":{"start":{"line":5,"column":49},"end":{"line":5,"column":69}},"5":{"start":{"line":6,"column":24},"end":{"line":6,"column":64}},"6":{"start":{"line":7,"column":20},"end":{"line":7,"column":56}},"7":{"start":{"line":8,"column":18},"end":{"line":8,"column":48}},"8":{"start":{"line":11,"column":17},"end":{"line":11,"column":19}},"9":{"start":{"line":13,"column":2},"end":{"line":17,"column":3}},"10":{"start":{"line":14,"column":4},"end":{"line":14,"column":47}},"11":{"start":{"line":15,"column":9},"end":{"line":17,"column":3}},"12":{"start":{"line":16,"column":4},"end":{"line":16,"column":59}},"13":{"start":{"line":19,"column":2},"end":{"line":23,"column":3}},"14":{"start":{"line":20,"column":4},"end":{"line":20,"column":45}},"15":{"start":{"line":21,"column":9},"end":{"line":23,"column":3}},"16":{"start":{"line":22,"column":4},"end":{"line":22,"column":57}},"17":{"start":{"line":25,"column":2},"end":{"line":31,"column":3}},"18":{"start":{"line":26,"column":4},"end":{"line":26,"column":34}},"19":{"start":{"line":27,"column":9},"end":{"line":31,"column":3}},"20":{"start":{"line":28,"column":4},"end":{"line":28,"column":39}},"21":{"start":{"line":29,"column":9},"end":{"line":31,"column":3}},"22":{"start":{"line":30,"column":4},"end":{"line":30,"column":43}},"23":{"start":{"line":33,"column":2},"end":{"line":35,"column":3}},"24":{"start":{"line":34,"column":4},"end":{"line":34,"column":44}},"25":{"start":{"line":37,"column":2},"end":{"line":41,"column":3}},"26":{"start":{"line":38,"column":4},"end":{"line":38,"column":38}},"27":{"start":{"line":39,"column":9},"end":{"line":41,"column":3}},"28":{"start":{"line":40,"column":4},"end":{"line":40,"column":59}},"29":{"start":{"line":43,"column":2},"end":{"line":55,"column":3}},"30":{"start":{"line":44,"column":4},"end":{"line":44,"column":44}},"31":{"start":{"line":46,"column":4},"end":{"line":54,"column":5}},"32":{"start":{"line":47,"column":6},"end":{"line":47,"column":65}},"33":{"start":{"line":48,"column":11},"end":{"line":54,"column":5}},"34":{"start":{"line":49,"column":6},"end":{"line":49,"column":76}},"35":{"start":{"line":50,"column":11},"end":{"line":54,"column":5}},"36":{"start":{"line":51,"column":6},"end":{"line":51,"column":64}},"37":{"start":{"line":52,"column":11},"end":{"line":54,"column":5}},"38":{"start":{"line":53,"column":6},"end":{"line":53,"column":76}},"39":{"start":{"line":57,"column":2},"end":{"line":63,"column":3}},"40":{"start":{"line":58,"column":4},"end":{"line":62,"column":5}},"41":{"start":{"line":59,"column":6},"end":{"line":59,"column":61}},"42":{"start":{"line":60,"column":11},"end":{"line":62,"column":5}},"43":{"start":{"line":61,"column":6},"end":{"line":61,"column":55}},"44":{"start":{"line":65,"column":2},"end":{"line":65,"column":15}},"45":{"start":{"line":69,"column":0},"end":{"line":91,"column":2}},"46":{"start":{"line":70,"column":2},"end":{"line":90,"column":3}},"47":{"start":{"line":71,"column":17},"end":{"line":71,"column":59}},"48":{"start":{"line":72,"column":18},"end":{"line":72,"column":62}},"49":{"start":{"line":73,"column":19},"end":{"line":73,"column":37}},"50":{"start":{"line":75,"column":28},"end":{"line":79,"column":6}},"51":{"start":{"line":81,"column":4},"end":{"line":87,"column":6}},"52":{"start":{"line":89,"column":4},"end":{"line":89,"column":51}},"53":{"start":{"line":94,"column":0},"end":{"line":113,"column":2}},"54":{"start":{"line":95,"column":2},"end":{"line":112,"column":3}},"55":{"start":{"line":96,"column":18},"end":{"line":96,"column":38}},"56":{"start":{"line":97,"column":24},"end":{"line":100,"column":10}},"57":{"start":{"line":98,"column":6},"end":{"line":98,"column":46}},"58":{"start":{"line":99,"column":6},"end":{"line":99,"column":16}},"59":{"start":{"line":101,"column":19},"end":{"line":103,"column":9}},"60":{"start":{"line":102,"column":44},"end":{"line":102,"column":55}},"61":{"start":{"line":105,"column":4},"end":{"line":109,"column":6}},"62":{"start":{"line":111,"column":4},"end":{"line":111,"column":51}},"63":{"start":{"line":116,"column":0},"end":{"line":126,"column":2}},"64":{"start":{"line":117,"column":2},"end":{"line":125,"column":3}},"65":{"start":{"line":118,"column":17},"end":{"line":120,"column":6}},"66":{"start":{"line":121,"column":4},"end":{"line":121,"column":71}},"67":{"start":{"line":121,"column":15},"end":{"line":121,"column":71}},"68":{"start":{"line":122,"column":4},"end":{"line":122,"column":18}},"69":{"start":{"line":124,"column":4},"end":{"line":124,"column":51}},"70":{"start":{"line":129,"column":0},"end":{"line":185,"column":2}},"71":{"start":{"line":130,"column":2},"end":{"line":184,"column":3}},"72":{"start":{"line":131,"column":19},"end":{"line":131,"column":41}},"73":{"start":{"line":132,"column":4},"end":{"line":133,"column":45}},"74":{"start":{"line":133,"column":6},"end":{"line":133,"column":45}},"75":{"start":{"line":135,"column":21},"end":{"line":135,"column":77}},"76":{"start":{"line":136,"column":4},"end":{"line":136,"column":104}},"77":{"start":{"line":136,"column":18},"end":{"line":136,"column":104}},"78":{"start":{"line":138,"column":19},"end":{"line":138,"column":57}},"79":{"start":{"line":139,"column":17},"end":{"line":146,"column":6}},"80":{"start":{"line":148,"column":4},"end":{"line":148,"column":83}},"81":{"start":{"line":150,"column":21},"end":{"line":153,"column":6}},"82":{"start":{"line":154,"column":24},"end":{"line":154,"column":69}},"83":{"start":{"line":154,"column":56},"end":{"line":154,"column":62}},"84":{"start":{"line":156,"column":18},"end":{"line":160,"column":5}},"85":{"start":{"line":163,"column":25},"end":{"line":167,"column":5}},"86":{"start":{"line":168,"column":4},"end":{"line":172,"column":6}},"87":{"start":{"line":173,"column":4},"end":{"line":178,"column":6}},"88":{"start":{"line":180,"column":34},"end":{"line":180,"column":47}},"89":{"start":{"line":181,"column":4},"end":{"line":181,"column":44}},"90":{"start":{"line":183,"column":4},"end":{"line":183,"column":51}},"91":{"start":{"line":188,"column":0},"end":{"line":241,"column":2}},"92":{"start":{"line":189,"column":2},"end":{"line":240,"column":3}},"93":{"start":{"line":190,"column":32},"end":{"line":190,"column":40}},"94":{"start":{"line":191,"column":4},"end":{"line":192,"column":78}},"95":{"start":{"line":192,"column":6},"end":{"line":192,"column":78}},"96":{"start":{"line":194,"column":17},"end":{"line":197,"column":6}},"97":{"start":{"line":198,"column":4},"end":{"line":198,"column":82}},"98":{"start":{"line":198,"column":15},"end":{"line":198,"column":82}},"99":{"start":{"line":200,"column":18},"end":{"line":200,"column":61}},"100":{"start":{"line":201,"column":4},"end":{"line":201,"column":83}},"101":{"start":{"line":201,"column":16},"end":{"line":201,"column":83}},"102":{"start":{"line":203,"column":4},"end":{"line":203,"column":54}},"103":{"start":{"line":205,"column":24},"end":{"line":205,"column":70}},"104":{"start":{"line":205,"column":57},"end":{"line":205,"column":63}},"105":{"start":{"line":208,"column":18},"end":{"line":212,"column":5}},"106":{"start":{"line":215,"column":25},"end":{"line":219,"column":5}},"107":{"start":{"line":222,"column":4},"end":{"line":226,"column":6}},"108":{"start":{"line":229,"column":4},"end":{"line":234,"column":6}},"109":{"start":{"line":236,"column":37},"end":{"line":236,"column":50}},"110":{"start":{"line":237,"column":4},"end":{"line":237,"column":64}},"111":{"start":{"line":239,"column":4},"end":{"line":239,"column":51}},"112":{"start":{"line":244,"column":0},"end":{"line":273,"column":2}},"113":{"start":{"line":245,"column":2},"end":{"line":272,"column":3}},"114":{"start":{"line":246,"column":17},"end":{"line":246,"column":61}},"115":{"start":{"line":247,"column":4},"end":{"line":247,"column":71}},"116":{"start":{"line":247,"column":15},"end":{"line":247,"column":71}},"117":{"start":{"line":249,"column":19},"end":{"line":253,"column":13}},"118":{"start":{"line":254,"column":4},"end":{"line":254,"column":26}},"119":{"start":{"line":255,"column":4},"end":{"line":256,"column":45}},"120":{"start":{"line":256,"column":6},"end":{"line":256,"column":45}},"121":{"start":{"line":258,"column":4},"end":{"line":264,"column":6}},"122":{"start":{"line":266,"column":4},"end":{"line":266,"column":75}},"123":{"start":{"line":268,"column":34},"end":{"line":268,"column":47}},"124":{"start":{"line":269,"column":4},"end":{"line":269,"column":18}},"125":{"start":{"line":271,"column":4},"end":{"line":271,"column":51}},"126":{"start":{"line":276,"column":0},"end":{"line":290,"column":2}},"127":{"start":{"line":277,"column":2},"end":{"line":289,"column":3}},"128":{"start":{"line":278,"column":17},"end":{"line":278,"column":61}},"129":{"start":{"line":279,"column":4},"end":{"line":279,"column":71}},"130":{"start":{"line":279,"column":15},"end":{"line":279,"column":71}},"131":{"start":{"line":281,"column":24},"end":{"line":281,"column":60}},"132":{"start":{"line":282,"column":4},"end":{"line":282,"column":24}},"133":{"start":{"line":284,"column":4},"end":{"line":284,"column":93}},"134":{"start":{"line":286,"column":4},"end":{"line":286,"column":54}},"135":{"start":{"line":288,"column":4},"end":{"line":288,"column":51}},"136":{"start":{"line":292,"column":0},"end":{"line":292,"column":23}}},"fnMap":{"0":{"name":"validateUser","decl":{"start":{"line":10,"column":9},"end":{"line":10,"column":21}},"loc":{"start":{"line":10,"column":69},"end":{"line":66,"column":1}},"line":10},"1":{"name":"(anonymous_1)","decl":{"start":{"line":69,"column":51},"end":{"line":69,"column":52}},"loc":{"start":{"line":69,"column":71},"end":{"line":91,"column":1}},"line":69},"2":{"name":"(anonymous_2)","decl":{"start":{"line":94,"column":42},"end":{"line":94,"column":43}},"loc":{"start":{"line":94,"column":62},"end":{"line":113,"column":1}},"line":94},"3":{"name":"(anonymous_3)","decl":{"start":{"line":97,"column":37},"end":{"line":97,"column":38}},"loc":{"start":{"line":97,"column":49},"end":{"line":100,"column":5}},"line":97},"4":{"name":"(anonymous_4)","decl":{"start":{"line":102,"column":32},"end":{"line":102,"column":33}},"loc":{"start":{"line":102,"column":44},"end":{"line":102,"column":55}},"line":102},"5":{"name":"(anonymous_5)","decl":{"start":{"line":116,"column":32},"end":{"line":116,"column":33}},"loc":{"start":{"line":116,"column":52},"end":{"line":126,"column":1}},"line":116},"6":{"name":"(anonymous_6)","decl":{"start":{"line":129,"column":25},"end":{"line":129,"column":26}},"loc":{"start":{"line":129,"column":45},"end":{"line":185,"column":1}},"line":129},"7":{"name":"(anonymous_7)","decl":{"start":{"line":154,"column":51},"end":{"line":154,"column":52}},"loc":{"start":{"line":154,"column":56},"end":{"line":154,"column":62}},"line":154},"8":{"name":"(anonymous_8)","decl":{"start":{"line":188,"column":22},"end":{"line":188,"column":23}},"loc":{"start":{"line":188,"column":42},"end":{"line":241,"column":1}},"line":188},"9":{"name":"(anonymous_9)","decl":{"start":{"line":205,"column":52},"end":{"line":205,"column":53}},"loc":{"start":{"line":205,"column":57},"end":{"line":205,"column":63}},"line":205},"10":{"name":"(anonymous_10)","decl":{"start":{"line":244,"column":32},"end":{"line":244,"column":33}},"loc":{"start":{"line":244,"column":52},"end":{"line":273,"column":1}},"line":244},"11":{"name":"(anonymous_11)","decl":{"start":{"line":276,"column":55},"end":{"line":276,"column":56}},"loc":{"start":{"line":276,"column":75},"end":{"line":290,"column":1}},"line":276}},"branchMap":{"0":{"loc":{"start":{"line":10,"column":28},"end":{"line":10,"column":45}},"type":"default-arg","locations":[{"start":{"line":10,"column":41},"end":{"line":10,"column":45}}],"line":10},"1":{"loc":{"start":{"line":10,"column":47},"end":{"line":10,"column":67}},"type":"default-arg","locations":[{"start":{"line":10,"column":63},"end":{"line":10,"column":67}}],"line":10},"2":{"loc":{"start":{"line":13,"column":2},"end":{"line":17,"column":3}},"type":"if","locations":[{"start":{"line":13,"column":2},"end":{"line":17,"column":3}},{"start":{"line":15,"column":9},"end":{"line":17,"column":3}}],"line":13},"3":{"loc":{"start":{"line":13,"column":6},"end":{"line":13,"column":53}},"type":"binary-expr","locations":[{"start":{"line":13,"column":6},"end":{"line":13,"column":21}},{"start":{"line":13,"column":25},"end":{"line":13,"column":53}}],"line":13},"4":{"loc":{"start":{"line":15,"column":9},"end":{"line":17,"column":3}},"type":"if","locations":[{"start":{"line":15,"column":9},"end":{"line":17,"column":3}},{"start":{},"end":{}}],"line":15},"5":{"loc":{"start":{"line":19,"column":2},"end":{"line":23,"column":3}},"type":"if","locations":[{"start":{"line":19,"column":2},"end":{"line":23,"column":3}},{"start":{"line":21,"column":9},"end":{"line":23,"column":3}}],"line":19},"6":{"loc":{"start":{"line":19,"column":6},"end":{"line":19,"column":51}},"type":"binary-expr","locations":[{"start":{"line":19,"column":6},"end":{"line":19,"column":20}},{"start":{"line":19,"column":24},"end":{"line":19,"column":51}}],"line":19},"7":{"loc":{"start":{"line":21,"column":9},"end":{"line":23,"column":3}},"type":"if","locations":[{"start":{"line":21,"column":9},"end":{"line":23,"column":3}},{"start":{},"end":{}}],"line":21},"8":{"loc":{"start":{"line":25,"column":2},"end":{"line":31,"column":3}},"type":"if","locations":[{"start":{"line":25,"column":2},"end":{"line":31,"column":3}},{"start":{"line":27,"column":9},"end":{"line":31,"column":3}}],"line":25},"9":{"loc":{"start":{"line":25,"column":6},"end":{"line":25,"column":34}},"type":"binary-expr","locations":[{"start":{"line":25,"column":6},"end":{"line":25,"column":15}},{"start":{"line":25,"column":19},"end":{"line":25,"column":34}}],"line":25},"10":{"loc":{"start":{"line":27,"column":9},"end":{"line":31,"column":3}},"type":"if","locations":[{"start":{"line":27,"column":9},"end":{"line":31,"column":3}},{"start":{"line":29,"column":9},"end":{"line":31,"column":3}}],"line":27},"11":{"loc":{"start":{"line":29,"column":9},"end":{"line":31,"column":3}},"type":"if","locations":[{"start":{"line":29,"column":9},"end":{"line":31,"column":3}},{"start":{},"end":{}}],"line":29},"12":{"loc":{"start":{"line":33,"column":2},"end":{"line":35,"column":3}},"type":"if","locations":[{"start":{"line":33,"column":2},"end":{"line":35,"column":3}},{"start":{},"end":{}}],"line":33},"13":{"loc":{"start":{"line":33,"column":6},"end":{"line":33,"column":40}},"type":"binary-expr","locations":[{"start":{"line":33,"column":6},"end":{"line":33,"column":18}},{"start":{"line":33,"column":22},"end":{"line":33,"column":40}}],"line":33},"14":{"loc":{"start":{"line":37,"column":2},"end":{"line":41,"column":3}},"type":"if","locations":[{"start":{"line":37,"column":2},"end":{"line":41,"column":3}},{"start":{"line":39,"column":9},"end":{"line":41,"column":3}}],"line":37},"15":{"loc":{"start":{"line":37,"column":6},"end":{"line":37,"column":45}},"type":"binary-expr","locations":[{"start":{"line":37,"column":6},"end":{"line":37,"column":17}},{"start":{"line":37,"column":21},"end":{"line":37,"column":45}}],"line":37},"16":{"loc":{"start":{"line":39,"column":9},"end":{"line":41,"column":3}},"type":"if","locations":[{"start":{"line":39,"column":9},"end":{"line":41,"column":3}},{"start":{},"end":{}}],"line":39},"17":{"loc":{"start":{"line":39,"column":13},"end":{"line":39,"column":70}},"type":"binary-expr","locations":[{"start":{"line":39,"column":13},"end":{"line":39,"column":38}},{"start":{"line":39,"column":42},"end":{"line":39,"column":70}}],"line":39},"18":{"loc":{"start":{"line":43,"column":2},"end":{"line":55,"column":3}},"type":"if","locations":[{"start":{"line":43,"column":2},"end":{"line":55,"column":3}},{"start":{"line":45,"column":9},"end":{"line":55,"column":3}}],"line":43},"19":{"loc":{"start":{"line":43,"column":6},"end":{"line":43,"column":44}},"type":"binary-expr","locations":[{"start":{"line":43,"column":6},"end":{"line":43,"column":20}},{"start":{"line":43,"column":24},"end":{"line":43,"column":44}}],"line":43},"20":{"loc":{"start":{"line":46,"column":4},"end":{"line":54,"column":5}},"type":"if","locations":[{"start":{"line":46,"column":4},"end":{"line":54,"column":5}},{"start":{"line":48,"column":11},"end":{"line":54,"column":5}}],"line":46},"21":{"loc":{"start":{"line":48,"column":11},"end":{"line":54,"column":5}},"type":"if","locations":[{"start":{"line":48,"column":11},"end":{"line":54,"column":5}},{"start":{"line":50,"column":11},"end":{"line":54,"column":5}}],"line":48},"22":{"loc":{"start":{"line":48,"column":16},"end":{"line":48,"column":51}},"type":"binary-expr","locations":[{"start":{"line":48,"column":16},"end":{"line":48,"column":45}},{"start":{"line":48,"column":49},"end":{"line":48,"column":51}}],"line":48},"23":{"loc":{"start":{"line":50,"column":11},"end":{"line":54,"column":5}},"type":"if","locations":[{"start":{"line":50,"column":11},"end":{"line":54,"column":5}},{"start":{"line":52,"column":11},"end":{"line":54,"column":5}}],"line":50},"24":{"loc":{"start":{"line":52,"column":11},"end":{"line":54,"column":5}},"type":"if","locations":[{"start":{"line":52,"column":11},"end":{"line":54,"column":5}},{"start":{},"end":{}}],"line":52},"25":{"loc":{"start":{"line":57,"column":2},"end":{"line":63,"column":3}},"type":"if","locations":[{"start":{"line":57,"column":2},"end":{"line":63,"column":3}},{"start":{},"end":{}}],"line":57},"26":{"loc":{"start":{"line":58,"column":4},"end":{"line":62,"column":5}},"type":"if","locations":[{"start":{"line":58,"column":4},"end":{"line":62,"column":5}},{"start":{"line":60,"column":11},"end":{"line":62,"column":5}}],"line":58},"27":{"loc":{"start":{"line":60,"column":11},"end":{"line":62,"column":5}},"type":"if","locations":[{"start":{"line":60,"column":11},"end":{"line":62,"column":5}},{"start":{},"end":{}}],"line":60},"28":{"loc":{"start":{"line":71,"column":29},"end":{"line":71,"column":58}},"type":"binary-expr","locations":[{"start":{"line":71,"column":29},"end":{"line":71,"column":53}},{"start":{"line":71,"column":57},"end":{"line":71,"column":58}}],"line":71},"29":{"loc":{"start":{"line":72,"column":30},"end":{"line":72,"column":61}},"type":"binary-expr","locations":[{"start":{"line":72,"column":30},"end":{"line":72,"column":55}},{"start":{"line":72,"column":59},"end":{"line":72,"column":61}}],"line":72},"30":{"loc":{"start":{"line":98,"column":23},"end":{"line":98,"column":41}},"type":"binary-expr","locations":[{"start":{"line":98,"column":23},"end":{"line":98,"column":36}},{"start":{"line":98,"column":40},"end":{"line":98,"column":41}}],"line":98},"31":{"loc":{"start":{"line":101,"column":19},"end":{"line":103,"column":9}},"type":"cond-expr","locations":[{"start":{"line":102,"column":8},"end":{"line":102,"column":75}},{"start":{"line":103,"column":8},"end":{"line":103,"column":9}}],"line":101},"32":{"loc":{"start":{"line":121,"column":4},"end":{"line":121,"column":71}},"type":"if","locations":[{"start":{"line":121,"column":4},"end":{"line":121,"column":71}},{"start":{},"end":{}}],"line":121},"33":{"loc":{"start":{"line":132,"column":4},"end":{"line":133,"column":45}},"type":"if","locations":[{"start":{"line":132,"column":4},"end":{"line":133,"column":45}},{"start":{},"end":{}}],"line":132},"34":{"loc":{"start":{"line":136,"column":4},"end":{"line":136,"column":104}},"type":"if","locations":[{"start":{"line":136,"column":4},"end":{"line":136,"column":104}},{"start":{},"end":{}}],"line":136},"35":{"loc":{"start":{"line":154,"column":24},"end":{"line":154,"column":69}},"type":"binary-expr","locations":[{"start":{"line":154,"column":24},"end":{"line":154,"column":63}},{"start":{"line":154,"column":67},"end":{"line":154,"column":69}}],"line":154},"36":{"loc":{"start":{"line":159,"column":19},"end":{"line":159,"column":54}},"type":"binary-expr","locations":[{"start":{"line":159,"column":19},"end":{"line":159,"column":45}},{"start":{"line":159,"column":49},"end":{"line":159,"column":54}}],"line":159},"37":{"loc":{"start":{"line":166,"column":19},"end":{"line":166,"column":63}},"type":"binary-expr","locations":[{"start":{"line":166,"column":19},"end":{"line":166,"column":55}},{"start":{"line":166,"column":59},"end":{"line":166,"column":63}}],"line":166},"38":{"loc":{"start":{"line":191,"column":4},"end":{"line":192,"column":78}},"type":"if","locations":[{"start":{"line":191,"column":4},"end":{"line":192,"column":78}},{"start":{},"end":{}}],"line":191},"39":{"loc":{"start":{"line":191,"column":8},"end":{"line":191,"column":27}},"type":"binary-expr","locations":[{"start":{"line":191,"column":8},"end":{"line":191,"column":14}},{"start":{"line":191,"column":18},"end":{"line":191,"column":27}}],"line":191},"40":{"loc":{"start":{"line":198,"column":4},"end":{"line":198,"column":82}},"type":"if","locations":[{"start":{"line":198,"column":4},"end":{"line":198,"column":82}},{"start":{},"end":{}}],"line":198},"41":{"loc":{"start":{"line":201,"column":4},"end":{"line":201,"column":83}},"type":"if","locations":[{"start":{"line":201,"column":4},"end":{"line":201,"column":83}},{"start":{},"end":{}}],"line":201},"42":{"loc":{"start":{"line":205,"column":24},"end":{"line":205,"column":70}},"type":"binary-expr","locations":[{"start":{"line":205,"column":24},"end":{"line":205,"column":64}},{"start":{"line":205,"column":68},"end":{"line":205,"column":70}}],"line":205},"43":{"loc":{"start":{"line":209,"column":31},"end":{"line":209,"column":56}},"type":"binary-expr","locations":[{"start":{"line":209,"column":31},"end":{"line":209,"column":46}},{"start":{"line":209,"column":50},"end":{"line":209,"column":56}}],"line":209},"44":{"loc":{"start":{"line":211,"column":19},"end":{"line":211,"column":54}},"type":"binary-expr","locations":[{"start":{"line":211,"column":19},"end":{"line":211,"column":45}},{"start":{"line":211,"column":49},"end":{"line":211,"column":54}}],"line":211},"45":{"loc":{"start":{"line":216,"column":31},"end":{"line":216,"column":56}},"type":"binary-expr","locations":[{"start":{"line":216,"column":31},"end":{"line":216,"column":46}},{"start":{"line":216,"column":50},"end":{"line":216,"column":56}}],"line":216},"46":{"loc":{"start":{"line":218,"column":19},"end":{"line":218,"column":63}},"type":"binary-expr","locations":[{"start":{"line":218,"column":19},"end":{"line":218,"column":55}},{"start":{"line":218,"column":59},"end":{"line":218,"column":63}}],"line":218},"47":{"loc":{"start":{"line":247,"column":4},"end":{"line":247,"column":71}},"type":"if","locations":[{"start":{"line":247,"column":4},"end":{"line":247,"column":71}},{"start":{},"end":{}}],"line":247},"48":{"loc":{"start":{"line":252,"column":16},"end":{"line":252,"column":52}},"type":"binary-expr","locations":[{"start":{"line":252,"column":16},"end":{"line":252,"column":33}},{"start":{"line":252,"column":37},"end":{"line":252,"column":52}}],"line":252},"49":{"loc":{"start":{"line":255,"column":4},"end":{"line":256,"column":45}},"type":"if","locations":[{"start":{"line":255,"column":4},"end":{"line":256,"column":45}},{"start":{},"end":{}}],"line":255},"50":{"loc":{"start":{"line":279,"column":4},"end":{"line":279,"column":71}},"type":"if","locations":[{"start":{"line":279,"column":4},"end":{"line":279,"column":71}},{"start":{},"end":{}}],"line":279}},"s":{"0":3,"1":3,"2":3,"3":3,"4":3,"5":3,"6":3,"7":3,"8":30,"9":30,"10":3,"11":27,"12":1,"13":30,"14":1,"15":29,"16":1,"17":30,"18":1,"19":29,"20":1,"21":28,"22":2,"23":30,"24":1,"25":30,"26":1,"27":29,"28":2,"29":30,"30":1,"31":29,"32":1,"33":28,"34":2,"35":26,"36":1,"37":25,"38":1,"39":30,"40":27,"41":2,"42":25,"43":1,"44":30,"45":3,"46":4,"47":4,"48":4,"49":4,"50":4,"51":3,"52":1,"53":3,"54":3,"55":3,"56":2,"57":3,"58":3,"59":2,"60":3,"61":2,"62":1,"63":3,"64":3,"65":3,"66":2,"67":1,"68":1,"69":1,"70":3,"71":27,"72":27,"73":27,"74":20,"75":7,"76":6,"77":1,"78":5,"79":5,"80":5,"81":5,"82":5,"83":10,"84":5,"85":5,"86":5,"87":5,"88":5,"89":5,"90":1,"91":3,"92":17,"93":17,"94":17,"95":2,"96":15,"97":14,"98":2,"99":12,"100":12,"101":2,"102":10,"103":10,"104":18,"105":10,"106":10,"107":10,"108":9,"109":9,"110":9,"111":2,"112":3,"113":5,"114":5,"115":4,"116":1,"117":3,"118":3,"119":3,"120":1,"121":2,"122":2,"123":2,"124":2,"125":1,"126":3,"127":3,"128":3,"129":2,"130":1,"131":1,"132":1,"133":1,"134":1,"135":1,"136":3},"f":{"0":30,"1":4,"2":3,"3":3,"4":3,"5":3,"6":27,"7":10,"8":17,"9":18,"10":5,"11":3},"b":{"0":[27],"1":[30],"2":[3,27],"3":[30,27],"4":[1,26],"5":[1,29],"6":[30,29],"7":[1,28],"8":[1,29],"9":[30,29],"10":[1,28],"11":[2,26],"12":[1,29],"13":[30,29],"14":[1,29],"15":[30,29],"16":[2,27],"17":[29,28],"18":[1,29],"19":[30,29],"20":[1,28],"21":[2,26],"22":[28,1],"23":[1,25],"24":[1,24],"25":[27,3],"26":[2,25],"27":[1,24],"28":[4,3],"29":[4,3],"30":[3,2],"31":[1,1],"32":[1,1],"33":[20,7],"34":[1,5],"35":[5,0],"36":[5,1],"37":[5,1],"38":[2,15],"39":[17,16],"40":[2,12],"41":[2,10],"42":[10,1],"43":[10,1],"44":[10,1],"45":[10,1],"46":[10,1],"47":[1,3],"48":[3,1],"49":[1,2],"50":[1,1]},"_coverageSchema":"1a1c01bbd47fc00a2c39e90264f33305004495a9","hash":"f6c9424e24ab80b257fcdd953f368bcd404b488d"}
}
