TN:
SF:routes/plans.js
FN:36,validatePlan
FN:46,(anonymous_1)
FN:64,(anonymous_2)
FN:84,(anonymous_3)
FN:88,(anonymous_4)
FN:89,(anonymous_5)
FN:90,(anonymous_6)
FN:91,(anonymous_7)
FN:92,(anonymous_8)
FN:94,(anonymous_9)
FN:96,(anonymous_10)
FN:98,(anonymous_11)
FN:100,(anonymous_12)
FN:102,(anonymous_13)
FN:104,(anonymous_14)
FN:105,(anonymous_15)
FN:110,(anonymous_16)
FN:111,(anonymous_17)
FN:127,(anonymous_18)
FN:132,(anonymous_19)
FN:145,(anonymous_20)
FN:161,(anonymous_21)
FN:177,(anonymous_22)
FN:189,(anonymous_23)
FN:204,(anonymous_24)
FN:219,(anonymous_25)
FN:236,(anonymous_26)
FNF:27
FNH:27
FNDA:20,validatePlan
FNDA:9,(anonymous_1)
FNDA:6,(anonymous_2)
FNDA:7,(anonymous_3)
FNDA:40,(anonymous_4)
FNDA:40,(anonymous_5)
FNDA:40,(anonymous_6)
FNDA:4,(anonymous_7)
FNDA:40,(anonymous_8)
FNDA:4,(anonymous_9)
FNDA:4,(anonymous_10)
FNDA:4,(anonymous_11)
FNDA:4,(anonymous_12)
FNDA:67,(anonymous_13)
FNDA:40,(anonymous_14)
FNDA:4,(anonymous_15)
FNDA:4,(anonymous_16)
FNDA:4,(anonymous_17)
FNDA:2,(anonymous_18)
FNDA:4,(anonymous_19)
FNDA:15,(anonymous_20)
FNDA:1,(anonymous_21)
FNDA:7,(anonymous_22)
FNDA:1,(anonymous_23)
FNDA:3,(anonymous_24)
FNDA:3,(anonymous_25)
FNDA:4,(anonymous_26)
DA:1,3
DA:2,3
DA:3,3
DA:4,3
DA:5,3
DA:6,3
DA:8,3
DA:37,20
DA:38,20
DA:39,2
DA:40,20
DA:41,2
DA:42,20
DA:43,14
DA:44,1
DA:46,13
DA:47,9
DA:48,1
DA:49,9
DA:50,1
DA:51,9
DA:52,1
DA:53,9
DA:54,1
DA:55,9
DA:56,1
DA:60,20
DA:64,3
DA:65,6
DA:66,6
DA:67,6
DA:68,6
DA:69,6
DA:70,6
DA:71,6
DA:77,5
DA:79,1
DA:84,3
DA:85,7
DA:86,7
DA:87,6
DA:88,40
DA:89,40
DA:90,6
DA:91,40
DA:92,6
DA:93,40
DA:94,4
DA:95,40
DA:96,4
DA:97,40
DA:98,40
DA:99,40
DA:100,4
DA:101,40
DA:102,67
DA:103,6
DA:104,6
DA:105,40
DA:106,4
DA:107,4
DA:110,6
DA:111,6
DA:114,6
DA:122,1
DA:127,3
DA:128,2
DA:132,3
DA:133,4
DA:134,4
DA:137,3
DA:138,2
DA:140,1
DA:145,3
DA:146,15
DA:147,15
DA:148,15
DA:149,8
DA:151,7
DA:159,6
DA:160,1
DA:161,1
DA:165,6
DA:167,6
DA:170,6
DA:172,1
DA:177,3
DA:178,7
DA:179,7
DA:180,6
DA:181,5
DA:182,5
DA:183,2
DA:184,3
DA:185,3
DA:186,2
DA:187,2
DA:188,1
DA:189,1
DA:193,3
DA:194,3
DA:197,3
DA:199,1
DA:204,3
DA:205,3
DA:206,3
DA:207,2
DA:208,1
DA:209,1
DA:210,1
DA:211,1
DA:212,1
DA:214,1
DA:219,3
DA:220,3
DA:221,3
DA:222,2
DA:223,1
DA:224,1
DA:225,1
DA:226,1
DA:229,1
DA:231,1
DA:236,3
DA:237,4
DA:238,4
DA:239,3
DA:240,2
DA:243,2
DA:244,1
DA:245,1
DA:246,1
DA:249,1
DA:251,1
DA:255,3
LF:135
LH:135
BRDA:38,0,0,2
BRDA:38,0,1,18
BRDA:38,1,0,20
BRDA:38,1,1,18
BRDA:40,2,0,2
BRDA:40,2,1,18
BRDA:40,3,0,20
BRDA:40,3,1,18
BRDA:42,4,0,14
BRDA:42,4,1,6
BRDA:43,5,0,1
BRDA:43,5,1,13
BRDA:47,6,0,1
BRDA:47,6,1,8
BRDA:47,7,0,9
BRDA:47,7,1,8
BRDA:49,8,0,1
BRDA:49,8,1,8
BRDA:49,9,0,9
BRDA:49,9,1,9
BRDA:51,10,0,1
BRDA:51,10,1,8
BRDA:51,11,0,9
BRDA:51,11,1,9
BRDA:53,12,0,1
BRDA:53,12,1,8
BRDA:53,13,0,9
BRDA:53,13,1,9
BRDA:55,14,0,1
BRDA:55,14,1,8
BRDA:55,15,0,9
BRDA:55,15,1,9
BRDA:66,16,0,6
BRDA:66,16,1,5
BRDA:67,17,0,6
BRDA:67,17,1,4
BRDA:70,18,0,2
BRDA:70,18,1,4
BRDA:88,19,0,6
BRDA:88,19,1,3
BRDA:93,20,0,4
BRDA:93,20,1,36
BRDA:95,21,0,4
BRDA:95,21,1,36
BRDA:99,22,0,4
BRDA:99,22,1,36
BRDA:107,23,0,4
BRDA:107,23,1,4
BRDA:110,24,0,6
BRDA:110,24,1,2
BRDA:116,25,0,3
BRDA:116,25,1,3
BRDA:118,26,0,6
BRDA:118,26,1,1
BRDA:137,27,0,1
BRDA:137,27,1,2
BRDA:148,28,0,8
BRDA:148,28,1,7
BRDA:152,29,0,7
BRDA:152,29,1,1
BRDA:159,30,0,1
BRDA:159,30,1,5
BRDA:159,31,0,6
BRDA:159,31,1,4
BRDA:180,32,0,1
BRDA:180,32,1,5
BRDA:182,33,0,2
BRDA:182,33,1,3
BRDA:185,34,0,2
BRDA:185,34,1,1
BRDA:187,35,0,1
BRDA:187,35,1,1
BRDA:207,36,0,1
BRDA:207,36,1,1
BRDA:222,37,0,1
BRDA:222,37,1,1
BRDA:239,38,0,1
BRDA:239,38,1,2
BRDA:243,39,0,1
BRDA:243,39,1,1
BRF:80
BRH:80
end_of_record
TN:
SF:routes/users.js
FN:10,validateUser
FN:69,(anonymous_1)
FN:94,(anonymous_2)
FN:97,(anonymous_3)
FN:102,(anonymous_4)
FN:116,(anonymous_5)
FN:129,(anonymous_6)
FN:154,(anonymous_7)
FN:188,(anonymous_8)
FN:205,(anonymous_9)
FN:244,(anonymous_10)
FN:276,(anonymous_11)
FNF:12
FNH:12
FNDA:30,validateUser
FNDA:4,(anonymous_1)
FNDA:3,(anonymous_2)
FNDA:3,(anonymous_3)
FNDA:3,(anonymous_4)
FNDA:3,(anonymous_5)
FNDA:27,(anonymous_6)
FNDA:10,(anonymous_7)
FNDA:17,(anonymous_8)
FNDA:18,(anonymous_9)
FNDA:5,(anonymous_10)
FNDA:3,(anonymous_11)
DA:1,3
DA:2,3
DA:3,3
DA:4,3
DA:5,3
DA:6,3
DA:7,3
DA:8,3
DA:11,30
DA:13,30
DA:14,3
DA:15,27
DA:16,1
DA:19,30
DA:20,1
DA:21,29
DA:22,1
DA:25,30
DA:26,1
DA:27,29
DA:28,1
DA:29,28
DA:30,2
DA:33,30
DA:34,1
DA:37,30
DA:38,1
DA:39,29
DA:40,2
DA:43,30
DA:44,1
DA:46,29
DA:47,1
DA:48,28
DA:49,2
DA:50,26
DA:51,1
DA:52,25
DA:53,1
DA:57,30
DA:58,27
DA:59,2
DA:60,25
DA:61,1
DA:65,30
DA:69,3
DA:70,4
DA:71,4
DA:72,4
DA:73,4
DA:75,4
DA:81,3
DA:89,1
DA:94,3
DA:95,3
DA:96,3
DA:97,2
DA:98,3
DA:99,3
DA:101,2
DA:102,3
DA:105,2
DA:111,1
DA:116,3
DA:117,3
DA:118,3
DA:121,2
DA:122,1
DA:124,1
DA:129,3
DA:130,27
DA:131,27
DA:132,27
DA:133,20
DA:135,7
DA:136,6
DA:138,5
DA:139,5
DA:148,5
DA:150,5
DA:154,10
DA:156,5
DA:163,5
DA:168,5
DA:173,5
DA:180,5
DA:181,5
DA:183,1
DA:188,3
DA:189,17
DA:190,17
DA:191,17
DA:192,2
DA:194,15
DA:198,14
DA:200,12
DA:201,12
DA:203,10
DA:205,18
DA:208,10
DA:215,10
DA:222,10
DA:229,9
DA:236,9
DA:237,9
DA:239,2
DA:244,3
DA:245,5
DA:246,5
DA:247,4
DA:249,3
DA:254,3
DA:255,3
DA:256,1
DA:258,2
DA:266,2
DA:268,2
DA:269,2
DA:271,1
DA:276,3
DA:277,3
DA:278,3
DA:279,2
DA:281,1
DA:282,1
DA:284,1
DA:286,1
DA:288,1
DA:292,3
LF:129
LH:129
BRDA:10,0,0,27
BRDA:10,1,0,30
BRDA:13,2,0,3
BRDA:13,2,1,27
BRDA:13,3,0,30
BRDA:13,3,1,27
BRDA:15,4,0,1
BRDA:15,4,1,26
BRDA:19,5,0,1
BRDA:19,5,1,29
BRDA:19,6,0,30
BRDA:19,6,1,29
BRDA:21,7,0,1
BRDA:21,7,1,28
BRDA:25,8,0,1
BRDA:25,8,1,29
BRDA:25,9,0,30
BRDA:25,9,1,29
BRDA:27,10,0,1
BRDA:27,10,1,28
BRDA:29,11,0,2
BRDA:29,11,1,26
BRDA:33,12,0,1
BRDA:33,12,1,29
BRDA:33,13,0,30
BRDA:33,13,1,29
BRDA:37,14,0,1
BRDA:37,14,1,29
BRDA:37,15,0,30
BRDA:37,15,1,29
BRDA:39,16,0,2
BRDA:39,16,1,27
BRDA:39,17,0,29
BRDA:39,17,1,28
BRDA:43,18,0,1
BRDA:43,18,1,29
BRDA:43,19,0,30
BRDA:43,19,1,29
BRDA:46,20,0,1
BRDA:46,20,1,28
BRDA:48,21,0,2
BRDA:48,21,1,26
BRDA:48,22,0,28
BRDA:48,22,1,1
BRDA:50,23,0,1
BRDA:50,23,1,25
BRDA:52,24,0,1
BRDA:52,24,1,24
BRDA:57,25,0,27
BRDA:57,25,1,3
BRDA:58,26,0,2
BRDA:58,26,1,25
BRDA:60,27,0,1
BRDA:60,27,1,24
BRDA:71,28,0,4
BRDA:71,28,1,3
BRDA:72,29,0,4
BRDA:72,29,1,3
BRDA:98,30,0,3
BRDA:98,30,1,2
BRDA:101,31,0,1
BRDA:101,31,1,1
BRDA:121,32,0,1
BRDA:121,32,1,1
BRDA:132,33,0,20
BRDA:132,33,1,7
BRDA:136,34,0,1
BRDA:136,34,1,5
BRDA:154,35,0,5
BRDA:154,35,1,0
BRDA:159,36,0,5
BRDA:159,36,1,1
BRDA:166,37,0,5
BRDA:166,37,1,1
BRDA:191,38,0,2
BRDA:191,38,1,15
BRDA:191,39,0,17
BRDA:191,39,1,16
BRDA:198,40,0,2
BRDA:198,40,1,12
BRDA:201,41,0,2
BRDA:201,41,1,10
BRDA:205,42,0,10
BRDA:205,42,1,1
BRDA:209,43,0,10
BRDA:209,43,1,1
BRDA:211,44,0,10
BRDA:211,44,1,1
BRDA:216,45,0,10
BRDA:216,45,1,1
BRDA:218,46,0,10
BRDA:218,46,1,1
BRDA:247,47,0,1
BRDA:247,47,1,3
BRDA:252,48,0,3
BRDA:252,48,1,1
BRDA:255,49,0,1
BRDA:255,49,1,2
BRDA:279,50,0,1
BRDA:279,50,1,1
BRF:100
BRH:99
end_of_record
