<?xml version="1.0" encoding="UTF-8"?>
<coverage generated="1775208103933" clover="3.2.0">
  <project timestamp="1775208103933" name="All files">
    <metrics statements="60" coveredstatements="60" conditionals="76" coveredconditionals="76" methods="7" coveredmethods="7" elements="143" coveredelements="143" complexity="0" loc="60" ncloc="60" packages="1" files="2" classes="2"/>
    <file name="users.js" path="/Users/vanesszatar/Desktop/uni/an 2 sem 2/SDI/fitnova/src/data/users.js">
      <metrics statements="52" coveredstatements="52" conditionals="68" coveredconditionals="68" methods="6" coveredmethods="6"/>
      <line num="1" count="1" type="stmt"/>
      <line num="13" count="22" type="stmt"/>
      <line num="16" count="22" type="cond" truecount="4" falsecount="0"/>
      <line num="17" count="1" type="stmt"/>
      <line num="18" count="21" type="cond" truecount="2" falsecount="0"/>
      <line num="19" count="1" type="stmt"/>
      <line num="23" count="22" type="cond" truecount="4" falsecount="0"/>
      <line num="24" count="1" type="stmt"/>
      <line num="25" count="21" type="cond" truecount="2" falsecount="0"/>
      <line num="26" count="1" type="stmt"/>
      <line num="30" count="22" type="cond" truecount="4" falsecount="0"/>
      <line num="31" count="1" type="stmt"/>
      <line num="32" count="21" type="cond" truecount="2" falsecount="0"/>
      <line num="33" count="1" type="stmt"/>
      <line num="34" count="20" type="cond" truecount="2" falsecount="0"/>
      <line num="35" count="1" type="stmt"/>
      <line num="36" count="19" type="cond" truecount="2" falsecount="0"/>
      <line num="37" count="1" type="stmt"/>
      <line num="41" count="22" type="cond" truecount="4" falsecount="0"/>
      <line num="42" count="1" type="stmt"/>
      <line num="46" count="22" type="cond" truecount="4" falsecount="0"/>
      <line num="47" count="1" type="stmt"/>
      <line num="48" count="21" type="cond" truecount="4" falsecount="0"/>
      <line num="49" count="2" type="stmt"/>
      <line num="50" count="19" type="cond" truecount="2" falsecount="0"/>
      <line num="51" count="1" type="stmt"/>
      <line num="55" count="22" type="cond" truecount="4" falsecount="0"/>
      <line num="56" count="1" type="stmt"/>
      <line num="58" count="21" type="cond" truecount="2" falsecount="0"/>
      <line num="59" count="1" type="stmt"/>
      <line num="60" count="20" type="cond" truecount="4" falsecount="0"/>
      <line num="61" count="1" type="stmt"/>
      <line num="62" count="19" type="cond" truecount="2" falsecount="0"/>
      <line num="63" count="1" type="stmt"/>
      <line num="64" count="18" type="cond" truecount="2" falsecount="0"/>
      <line num="65" count="1" type="stmt"/>
      <line num="70" count="22" type="cond" truecount="4" falsecount="0"/>
      <line num="71" count="2" type="stmt"/>
      <line num="72" count="20" type="cond" truecount="2" falsecount="0"/>
      <line num="73" count="1" type="stmt"/>
      <line num="76" count="22" type="stmt"/>
      <line num="80" count="3" type="stmt"/>
      <line num="82" count="3" type="cond" truecount="4" falsecount="0"/>
      <line num="83" count="1" type="stmt"/>
      <line num="86" count="3" type="cond" truecount="4" falsecount="0"/>
      <line num="87" count="1" type="stmt"/>
      <line num="90" count="3" type="stmt"/>
      <line num="94" count="3" type="stmt"/>
      <line num="103" count="3" type="stmt"/>
      <line num="104" count="3" type="stmt"/>
      <line num="108" count="4" type="cond" truecount="2" falsecount="0"/>
      <line num="109" count="4" type="cond" truecount="2" falsecount="0"/>
    </file>
    <file name="workoutPlans.js" path="/Users/vanesszatar/Desktop/uni/an 2 sem 2/SDI/fitnova/src/data/workoutPlans.js">
      <metrics statements="8" coveredstatements="8" conditionals="8" coveredconditionals="8" methods="1" coveredmethods="1"/>
      <line num="1" count="1" type="stmt"/>
      <line num="29" count="1" type="stmt"/>
      <line num="128" count="5" type="stmt"/>
      <line num="129" count="5" type="cond" truecount="4" falsecount="0"/>
      <line num="130" count="2" type="stmt"/>
      <line num="132" count="5" type="cond" truecount="4" falsecount="0"/>
      <line num="133" count="2" type="stmt"/>
      <line num="135" count="5" type="stmt"/>
    </file>
  </project>
</coverage>
