{"/Users/vanesszatar/Desktop/uni/an 2 sem 2/SDI/fitnova/src/data/users.js": {"path":"/Users/vanesszatar/Desktop/uni/an 2 sem 2/SDI/fitnova/src/data/users.js","statementMap":{"0":{"start":{"line":1,"column":21},"end":{"line":10,"column":null}},"1":{"start":{"line":13,"column":17},"end":{"line":13,"column":19}},"2":{"start":{"line":16,"column":2},"end":{"line":19,"column":null}},"3":{"start":{"line":17,"column":4},"end":{"line":17,"column":null}},"4":{"start":{"line":18,"column":13},"end":{"line":19,"column":null}},"5":{"start":{"line":19,"column":4},"end":{"line":19,"column":null}},"6":{"start":{"line":23,"column":2},"end":{"line":26,"column":null}},"7":{"start":{"line":24,"column":4},"end":{"line":24,"column":null}},"8":{"start":{"line":25,"column":13},"end":{"line":26,"column":null}},"9":{"start":{"line":26,"column":4},"end":{"line":26,"column":null}},"10":{"start":{"line":30,"column":2},"end":{"line":37,"column":null}},"11":{"start":{"line":31,"column":4},"end":{"line":31,"column":null}},"12":{"start":{"line":32,"column":13},"end":{"line":37,"column":null}},"13":{"start":{"line":33,"column":4},"end":{"line":33,"column":null}},"14":{"start":{"line":34,"column":13},"end":{"line":37,"column":null}},"15":{"start":{"line":35,"column":4},"end":{"line":35,"column":null}},"16":{"start":{"line":36,"column":13},"end":{"line":37,"column":null}},"17":{"start":{"line":37,"column":4},"end":{"line":37,"column":null}},"18":{"start":{"line":41,"column":2},"end":{"line":42,"column":null}},"19":{"start":{"line":42,"column":4},"end":{"line":42,"column":null}},"20":{"start":{"line":46,"column":2},"end":{"line":51,"column":null}},"21":{"start":{"line":47,"column":4},"end":{"line":47,"column":null}},"22":{"start":{"line":48,"column":13},"end":{"line":51,"column":null}},"23":{"start":{"line":49,"column":4},"end":{"line":49,"column":null}},"24":{"start":{"line":50,"column":13},"end":{"line":51,"column":null}},"25":{"start":{"line":50,"column":29},"end":{"line":50,"column":56}},"26":{"start":{"line":51,"column":4},"end":{"line":51,"column":null}},"27":{"start":{"line":55,"column":2},"end":{"line":65,"column":null}},"28":{"start":{"line":56,"column":4},"end":{"line":56,"column":null}},"29":{"start":{"line":58,"column":4},"end":{"line":65,"column":null}},"30":{"start":{"line":59,"column":6},"end":{"line":59,"column":null}},"31":{"start":{"line":60,"column":16},"end":{"line":65,"column":null}},"32":{"start":{"line":61,"column":6},"end":{"line":61,"column":null}},"33":{"start":{"line":62,"column":15},"end":{"line":65,"column":null}},"34":{"start":{"line":63,"column":6},"end":{"line":63,"column":null}},"35":{"start":{"line":64,"column":15},"end":{"line":65,"column":null}},"36":{"start":{"line":65,"column":6},"end":{"line":65,"column":null}},"37":{"start":{"line":70,"column":2},"end":{"line":73,"column":null}},"38":{"start":{"line":71,"column":4},"end":{"line":71,"column":null}},"39":{"start":{"line":72,"column":13},"end":{"line":73,"column":null}},"40":{"start":{"line":73,"column":4},"end":{"line":73,"column":null}},"41":{"start":{"line":76,"column":2},"end":{"line":76,"column":null}},"42":{"start":{"line":80,"column":17},"end":{"line":80,"column":19}},"43":{"start":{"line":82,"column":2},"end":{"line":83,"column":null}},"44":{"start":{"line":83,"column":4},"end":{"line":83,"column":null}},"45":{"start":{"line":86,"column":2},"end":{"line":87,"column":null}},"46":{"start":{"line":87,"column":4},"end":{"line":87,"column":null}},"47":{"start":{"line":90,"column":2},"end":{"line":90,"column":null}},"48":{"start":{"line":94,"column":18},"end":{"line":102,"column":null}},"49":{"start":{"line":103,"column":2},"end":{"line":103,"column":null}},"50":{"start":{"line":104,"column":2},"end":{"line":104,"column":null}},"51":{"start":{"line":108,"column":15},"end":{"line":108,"column":76}},"52":{"start":{"line":108,"column":31},"end":{"line":108,"column":76}},"53":{"start":{"line":109,"column":2},"end":{"line":109,"column":null}}},"fnMap":{"0":{"name":"validateRegister","decl":{"start":{"line":12,"column":16},"end":{"line":12,"column":33}},"loc":{"start":{"line":12,"column":43},"end":{"line":76,"column":null}},"line":12},"1":{"name":"(anonymous_1)","decl":{"start":{"line":50,"column":19},"end":{"line":50,"column":24}},"loc":{"start":{"line":50,"column":29},"end":{"line":50,"column":56}},"line":50},"2":{"name":"validateLogin","decl":{"start":{"line":79,"column":16},"end":{"line":79,"column":30}},"loc":{"start":{"line":79,"column":40},"end":{"line":90,"column":null}},"line":79},"3":{"name":"registerUser","decl":{"start":{"line":93,"column":16},"end":{"line":93,"column":29}},"loc":{"start":{"line":93,"column":39},"end":{"line":104,"column":null}},"line":93},"4":{"name":"loginUser","decl":{"start":{"line":107,"column":16},"end":{"line":107,"column":26}},"loc":{"start":{"line":107,"column":43},"end":{"line":109,"column":null}},"line":107},"5":{"name":"(anonymous_5)","decl":{"start":{"line":108,"column":21},"end":{"line":108,"column":26}},"loc":{"start":{"line":108,"column":31},"end":{"line":108,"column":76}},"line":108}},"branchMap":{"0":{"loc":{"start":{"line":16,"column":2},"end":{"line":19,"column":null}},"type":"if","locations":[{"start":{"line":16,"column":2},"end":{"line":19,"column":null}},{"start":{"line":18,"column":13},"end":{"line":19,"column":null}}],"line":16},"1":{"loc":{"start":{"line":16,"column":6},"end":{"line":16,"column":63}},"type":"binary-expr","locations":[{"start":{"line":16,"column":6},"end":{"line":16,"column":29}},{"start":{"line":16,"column":29},"end":{"line":16,"column":63}}],"line":16},"2":{"loc":{"start":{"line":18,"column":13},"end":{"line":19,"column":null}},"type":"if","locations":[{"start":{"line":18,"column":13},"end":{"line":19,"column":null}},{"start":{},"end":{}}],"line":18},"3":{"loc":{"start":{"line":23,"column":2},"end":{"line":26,"column":null}},"type":"if","locations":[{"start":{"line":23,"column":2},"end":{"line":26,"column":null}},{"start":{"line":25,"column":13},"end":{"line":26,"column":null}}],"line":23},"4":{"loc":{"start":{"line":23,"column":6},"end":{"line":23,"column":61}},"type":"binary-expr","locations":[{"start":{"line":23,"column":6},"end":{"line":23,"column":28}},{"start":{"line":23,"column":28},"end":{"line":23,"column":61}}],"line":23},"5":{"loc":{"start":{"line":25,"column":13},"end":{"line":26,"column":null}},"type":"if","locations":[{"start":{"line":25,"column":13},"end":{"line":26,"column":null}},{"start":{},"end":{}}],"line":25},"6":{"loc":{"start":{"line":30,"column":2},"end":{"line":37,"column":null}},"type":"if","locations":[{"start":{"line":30,"column":2},"end":{"line":37,"column":null}},{"start":{"line":32,"column":13},"end":{"line":37,"column":null}}],"line":30},"7":{"loc":{"start":{"line":30,"column":6},"end":{"line":30,"column":44}},"type":"binary-expr","locations":[{"start":{"line":30,"column":6},"end":{"line":30,"column":23}},{"start":{"line":30,"column":23},"end":{"line":30,"column":44}}],"line":30},"8":{"loc":{"start":{"line":32,"column":13},"end":{"line":37,"column":null}},"type":"if","locations":[{"start":{"line":32,"column":13},"end":{"line":37,"column":null}},{"start":{"line":34,"column":13},"end":{"line":37,"column":null}}],"line":32},"9":{"loc":{"start":{"line":34,"column":13},"end":{"line":37,"column":null}},"type":"if","locations":[{"start":{"line":34,"column":13},"end":{"line":37,"column":null}},{"start":{"line":36,"column":13},"end":{"line":37,"column":null}}],"line":34},"10":{"loc":{"start":{"line":36,"column":13},"end":{"line":37,"column":null}},"type":"if","locations":[{"start":{"line":36,"column":13},"end":{"line":37,"column":null}},{"start":{},"end":{}}],"line":36},"11":{"loc":{"start":{"line":41,"column":2},"end":{"line":42,"column":null}},"type":"if","locations":[{"start":{"line":41,"column":2},"end":{"line":42,"column":null}},{"start":{},"end":{}}],"line":41},"12":{"loc":{"start":{"line":41,"column":6},"end":{"line":41,"column":50}},"type":"binary-expr","locations":[{"start":{"line":41,"column":6},"end":{"line":41,"column":26}},{"start":{"line":41,"column":26},"end":{"line":41,"column":50}}],"line":41},"13":{"loc":{"start":{"line":46,"column":2},"end":{"line":51,"column":null}},"type":"if","locations":[{"start":{"line":46,"column":2},"end":{"line":51,"column":null}},{"start":{"line":48,"column":13},"end":{"line":51,"column":null}}],"line":46},"14":{"loc":{"start":{"line":46,"column":6},"end":{"line":46,"column":55}},"type":"binary-expr","locations":[{"start":{"line":46,"column":6},"end":{"line":46,"column":25}},{"start":{"line":46,"column":25},"end":{"line":46,"column":55}}],"line":46},"15":{"loc":{"start":{"line":48,"column":13},"end":{"line":51,"column":null}},"type":"if","locations":[{"start":{"line":48,"column":13},"end":{"line":51,"column":null}},{"start":{"line":50,"column":13},"end":{"line":51,"column":null}}],"line":48},"16":{"loc":{"start":{"line":48,"column":13},"end":{"line":48,"column":78}},"type":"binary-expr","locations":[{"start":{"line":48,"column":13},"end":{"line":48,"column":42}},{"start":{"line":48,"column":46},"end":{"line":48,"column":78}}],"line":48},"17":{"loc":{"start":{"line":50,"column":13},"end":{"line":51,"column":null}},"type":"if","locations":[{"start":{"line":50,"column":13},"end":{"line":51,"column":null}},{"start":{},"end":{}}],"line":50},"18":{"loc":{"start":{"line":55,"column":2},"end":{"line":65,"column":null}},"type":"if","locations":[{"start":{"line":55,"column":2},"end":{"line":65,"column":null}},{"start":{"line":57,"column":9},"end":{"line":65,"column":null}}],"line":55},"19":{"loc":{"start":{"line":55,"column":6},"end":{"line":55,"column":54}},"type":"binary-expr","locations":[{"start":{"line":55,"column":6},"end":{"line":55,"column":28}},{"start":{"line":55,"column":28},"end":{"line":55,"column":54}}],"line":55},"20":{"loc":{"start":{"line":58,"column":4},"end":{"line":65,"column":null}},"type":"if","locations":[{"start":{"line":58,"column":4},"end":{"line":65,"column":null}},{"start":{"line":60,"column":16},"end":{"line":65,"column":null}}],"line":58},"21":{"loc":{"start":{"line":60,"column":16},"end":{"line":65,"column":null}},"type":"if","locations":[{"start":{"line":60,"column":16},"end":{"line":65,"column":null}},{"start":{"line":62,"column":15},"end":{"line":65,"column":null}}],"line":60},"22":{"loc":{"start":{"line":60,"column":16},"end":{"line":60,"column":55}},"type":"binary-expr","locations":[{"start":{"line":60,"column":16},"end":{"line":60,"column":49}},{"start":{"line":60,"column":53},"end":{"line":60,"column":55}}],"line":60},"23":{"loc":{"start":{"line":62,"column":15},"end":{"line":65,"column":null}},"type":"if","locations":[{"start":{"line":62,"column":15},"end":{"line":65,"column":null}},{"start":{"line":64,"column":15},"end":{"line":65,"column":null}}],"line":62},"24":{"loc":{"start":{"line":64,"column":15},"end":{"line":65,"column":null}},"type":"if","locations":[{"start":{"line":64,"column":15},"end":{"line":65,"column":null}},{"start":{},"end":{}}],"line":64},"25":{"loc":{"start":{"line":70,"column":2},"end":{"line":73,"column":null}},"type":"if","locations":[{"start":{"line":70,"column":2},"end":{"line":73,"column":null}},{"start":{"line":72,"column":13},"end":{"line":73,"column":null}}],"line":70},"26":{"loc":{"start":{"line":70,"column":6},"end":{"line":70,"column":68}},"type":"binary-expr","locations":[{"start":{"line":70,"column":6},"end":{"line":70,"column":35}},{"start":{"line":70,"column":35},"end":{"line":70,"column":68}}],"line":70},"27":{"loc":{"start":{"line":72,"column":13},"end":{"line":73,"column":null}},"type":"if","locations":[{"start":{"line":72,"column":13},"end":{"line":73,"column":null}},{"start":{},"end":{}}],"line":72},"28":{"loc":{"start":{"line":82,"column":2},"end":{"line":83,"column":null}},"type":"if","locations":[{"start":{"line":82,"column":2},"end":{"line":83,"column":null}},{"start":{},"end":{}}],"line":82},"29":{"loc":{"start":{"line":82,"column":6},"end":{"line":82,"column":55}},"type":"binary-expr","locations":[{"start":{"line":82,"column":6},"end":{"line":82,"column":25}},{"start":{"line":82,"column":25},"end":{"line":82,"column":55}}],"line":82},"30":{"loc":{"start":{"line":86,"column":2},"end":{"line":87,"column":null}},"type":"if","locations":[{"start":{"line":86,"column":2},"end":{"line":87,"column":null}},{"start":{},"end":{}}],"line":86},"31":{"loc":{"start":{"line":86,"column":6},"end":{"line":86,"column":54}},"type":"binary-expr","locations":[{"start":{"line":86,"column":6},"end":{"line":86,"column":28}},{"start":{"line":86,"column":28},"end":{"line":86,"column":54}}],"line":86},"32":{"loc":{"start":{"line":108,"column":31},"end":{"line":108,"column":76}},"type":"binary-expr","locations":[{"start":{"line":108,"column":31},"end":{"line":108,"column":52}},{"start":{"line":108,"column":52},"end":{"line":108,"column":76}}],"line":108},"33":{"loc":{"start":{"line":109,"column":9},"end":{"line":109,"column":null}},"type":"binary-expr","locations":[{"start":{"line":109,"column":9},"end":{"line":109,"column":17}},{"start":{"line":109,"column":17},"end":{"line":109,"column":null}}],"line":109}},"s":{"0":1,"1":22,"2":22,"3":1,"4":21,"5":1,"6":22,"7":1,"8":21,"9":1,"10":22,"11":1,"12":21,"13":1,"14":20,"15":1,"16":19,"17":1,"18":22,"19":1,"20":22,"21":1,"22":21,"23":2,"24":19,"25":19,"26":1,"27":22,"28":1,"29":21,"30":1,"31":20,"32":1,"33":19,"34":1,"35":18,"36":1,"37":22,"38":2,"39":20,"40":1,"41":22,"42":3,"43":3,"44":1,"45":3,"46":1,"47":3,"48":3,"49":3,"50":3,"51":4,"52":4,"53":4},"f":{"0":22,"1":19,"2":3,"3":3,"4":4,"5":4},"b":{"0":[1,21],"1":[22,21],"2":[1,20],"3":[1,21],"4":[22,21],"5":[1,20],"6":[1,21],"7":[22,21],"8":[1,20],"9":[1,19],"10":[1,18],"11":[1,21],"12":[22,21],"13":[1,21],"14":[22,21],"15":[2,19],"16":[21,20],"17":[1,18],"18":[1,21],"19":[22,21],"20":[1,20],"21":[1,19],"22":[20,1],"23":[1,18],"24":[1,17],"25":[2,20],"26":[22,20],"27":[1,19],"28":[1,2],"29":[3,2],"30":[1,2],"31":[3,2],"32":[4,2],"33":[4,3]},"meta":{"lastBranch":34,"lastFunction":6,"lastStatement":54,"seen":{"s:1:21:10:Infinity":0,"f:12:16:12:33":0,"s:13:17:13:19":1,"b:16:2:19:Infinity:18:13:19:Infinity":0,"s:16:2:19:Infinity":2,"b:16:6:16:29:16:29:16:63":1,"s:17:4:17:Infinity":3,"b:18:13:19:Infinity:undefined:undefined:undefined:undefined":2,"s:18:13:19:Infinity":4,"s:19:4:19:Infinity":5,"b:23:2:26:Infinity:25:13:26:Infinity":3,"s:23:2:26:Infinity":6,"b:23:6:23:28:23:28:23:61":4,"s:24:4:24:Infinity":7,"b:25:13:26:Infinity:undefined:undefined:undefined:undefined":5,"s:25:13:26:Infinity":8,"s:26:4:26:Infinity":9,"b:30:2:37:Infinity:32:13:37:Infinity":6,"s:30:2:37:Infinity":10,"b:30:6:30:23:30:23:30:44":7,"s:31:4:31:Infinity":11,"b:32:13:37:Infinity:34:13:37:Infinity":8,"s:32:13:37:Infinity":12,"s:33:4:33:Infinity":13,"b:34:13:37:Infinity:36:13:37:Infinity":9,"s:34:13:37:Infinity":14,"s:35:4:35:Infinity":15,"b:36:13:37:Infinity:undefined:undefined:undefined:undefined":10,"s:36:13:37:Infinity":16,"s:37:4:37:Infinity":17,"b:41:2:42:Infinity:undefined:undefined:undefined:undefined":11,"s:41:2:42:Infinity":18,"b:41:6:41:26:41:26:41:50":12,"s:42:4:42:Infinity":19,"b:46:2:51:Infinity:48:13:51:Infinity":13,"s:46:2:51:Infinity":20,"b:46:6:46:25:46:25:46:55":14,"s:47:4:47:Infinity":21,"b:48:13:51:Infinity:50:13:51:Infinity":15,"s:48:13:51:Infinity":22,"b:48:13:48:42:48:46:48:78":16,"s:49:4:49:Infinity":23,"b:50:13:51:Infinity:undefined:undefined:undefined:undefined":17,"s:50:13:51:Infinity":24,"f:50:19:50:24":1,"s:50:29:50:56":25,"s:51:4:51:Infinity":26,"b:55:2:65:Infinity:57:9:65:Infinity":18,"s:55:2:65:Infinity":27,"b:55:6:55:28:55:28:55:54":19,"s:56:4:56:Infinity":28,"b:58:4:65:Infinity:60:16:65:Infinity":20,"s:58:4:65:Infinity":29,"s:59:6:59:Infinity":30,"b:60:16:65:Infinity:62:15:65:Infinity":21,"s:60:16:65:Infinity":31,"b:60:16:60:49:60:53:60:55":22,"s:61:6:61:Infinity":32,"b:62:15:65:Infinity:64:15:65:Infinity":23,"s:62:15:65:Infinity":33,"s:63:6:63:Infinity":34,"b:64:15:65:Infinity:undefined:undefined:undefined:undefined":24,"s:64:15:65:Infinity":35,"s:65:6:65:Infinity":36,"b:70:2:73:Infinity:72:13:73:Infinity":25,"s:70:2:73:Infinity":37,"b:70:6:70:35:70:35:70:68":26,"s:71:4:71:Infinity":38,"b:72:13:73:Infinity:undefined:undefined:undefined:undefined":27,"s:72:13:73:Infinity":39,"s:73:4:73:Infinity":40,"s:76:2:76:Infinity":41,"f:79:16:79:30":2,"s:80:17:80:19":42,"b:82:2:83:Infinity:undefined:undefined:undefined:undefined":28,"s:82:2:83:Infinity":43,"b:82:6:82:25:82:25:82:55":29,"s:83:4:83:Infinity":44,"b:86:2:87:Infinity:undefined:undefined:undefined:undefined":30,"s:86:2:87:Infinity":45,"b:86:6:86:28:86:28:86:54":31,"s:87:4:87:Infinity":46,"s:90:2:90:Infinity":47,"f:93:16:93:29":3,"s:94:18:102:Infinity":48,"s:103:2:103:Infinity":49,"s:104:2:104:Infinity":50,"f:107:16:107:26":4,"s:108:15:108:76":51,"f:108:21:108:26":5,"s:108:31:108:76":52,"b:108:31:108:52:108:52:108:76":32,"s:109:2:109:Infinity":53,"b:109:9:109:17:109:17:109:Infinity":33}}}
,"/Users/vanesszatar/Desktop/uni/an 2 sem 2/SDI/fitnova/src/data/workoutPlans.js": {"path":"/Users/vanesszatar/Desktop/uni/an 2 sem 2/SDI/fitnova/src/data/workoutPlans.js","statementMap":{"0":{"start":{"line":1,"column":34},"end":{"line":27,"column":null}},"1":{"start":{"line":29,"column":28},"end":{"line":125,"column":null}},"2":{"start":{"line":128,"column":17},"end":{"line":128,"column":19}},"3":{"start":{"line":129,"column":2},"end":{"line":130,"column":null}},"4":{"start":{"line":130,"column":4},"end":{"line":130,"column":null}},"5":{"start":{"line":132,"column":2},"end":{"line":133,"column":null}},"6":{"start":{"line":133,"column":4},"end":{"line":133,"column":null}},"7":{"start":{"line":135,"column":2},"end":{"line":135,"column":null}}},"fnMap":{"0":{"name":"validatePlan","decl":{"start":{"line":127,"column":16},"end":{"line":127,"column":29}},"loc":{"start":{"line":127,"column":35},"end":{"line":135,"column":null}},"line":127}},"branchMap":{"0":{"loc":{"start":{"line":129,"column":2},"end":{"line":130,"column":null}},"type":"if","locations":[{"start":{"line":129,"column":2},"end":{"line":130,"column":null}},{"start":{},"end":{}}],"line":129},"1":{"loc":{"start":{"line":129,"column":6},"end":{"line":129,"column":45}},"type":"binary-expr","locations":[{"start":{"line":129,"column":6},"end":{"line":129,"column":20}},{"start":{"line":129,"column":20},"end":{"line":129,"column":45}}],"line":129},"2":{"loc":{"start":{"line":132,"column":2},"end":{"line":133,"column":null}},"type":"if","locations":[{"start":{"line":132,"column":2},"end":{"line":133,"column":null}},{"start":{},"end":{}}],"line":132},"3":{"loc":{"start":{"line":132,"column":6},"end":{"line":132,"column":59}},"type":"binary-expr","locations":[{"start":{"line":132,"column":6},"end":{"line":132,"column":27}},{"start":{"line":132,"column":27},"end":{"line":132,"column":59}}],"line":132}},"s":{"0":1,"1":1,"2":5,"3":5,"4":2,"5":5,"6":2,"7":5},"f":{"0":5},"b":{"0":[2,3],"1":[5,4],"2":[2,3],"3":[5,4]},"meta":{"lastBranch":4,"lastFunction":1,"lastStatement":8,"seen":{"s:1:34:27:Infinity":0,"s:29:28:125:Infinity":1,"f:127:16:127:29":0,"s:128:17:128:19":2,"b:129:2:130:Infinity:undefined:undefined:undefined:undefined":0,"s:129:2:130:Infinity":3,"b:129:6:129:20:129:20:129:45":1,"s:130:4:130:Infinity":4,"b:132:2:133:Infinity:undefined:undefined:undefined:undefined":2,"s:132:2:133:Infinity":5,"b:132:6:132:27:132:27:132:59":3,"s:133:4:133:Infinity":6,"s:135:2:135:Infinity":7}}}
}
